This is pdfTeX, Version 3.14159265-2.6-1.40.19 (TeX Live 2018) (preloaded format=pdflatex 2018.4.16)  31 OCT 2019 17:44
entering extended mode
 \write18 enabled.
 %&-line parsing enabled.
**MasterNewV20.tex
(./MasterNewV20.tex
LaTeX2e <2018-04-01> patch level 2
Babel <3.18> and hyphenation patterns for 84 language(s) loaded.
(/usr/local/texlive/2018/texmf-dist/tex/latex/base/article.cls
Document Class: article 2014/09/29 v1.4h Standard LaTeX document class
(/usr/local/texlive/2018/texmf-dist/tex/latex/base/size10.clo
File: size10.clo 2014/09/29 v1.4h Standard LaTeX file (size option)
)
\c@part=\count80
\c@section=\count81
\c@subsection=\count82
\c@subsubsection=\count83
\c@paragraph=\count84
\c@subparagraph=\count85
\c@figure=\count86
\c@table=\count87
\abovecaptionskip=\skip41
\belowcaptionskip=\skip42
\bibindent=\dimen102
)
(/usr/local/texlive/2018/texmf-dist/tex/latex/graphics/graphicx.sty
Package: graphicx 2017/06/01 v1.1a Enhanced LaTeX Graphics (DPC,SPQR)

(/usr/local/texlive/2018/texmf-dist/tex/latex/graphics/keyval.sty
Package: keyval 2014/10/28 v1.15 key=value parser (DPC)
\KV@toks@=\toks14
)
(/usr/local/texlive/2018/texmf-dist/tex/latex/graphics/graphics.sty
Package: graphics 2017/06/25 v1.2c Standard LaTeX Graphics (DPC,SPQR)

(/usr/local/texlive/2018/texmf-dist/tex/latex/graphics/trig.sty
Package: trig 2016/01/03 v1.10 sin cos tan (DPC)
)
(/usr/local/texlive/2018/texmf-dist/tex/latex/graphics-cfg/graphics.cfg
File: graphics.cfg 2016/06/04 v1.11 sample graphics configuration
)
Package graphics Info: Driver file: pdftex.def on input line 99.

(/usr/local/texlive/2018/texmf-dist/tex/latex/graphics-def/pdftex.def
File: pdftex.def 2018/01/08 v1.0l Graphics/color driver for pdftex
))
\Gin@req@height=\dimen103
\Gin@req@width=\dimen104
)
(/usr/local/texlive/2018/texmf-dist/tex/latex/amsmath/amsmath.sty
Package: amsmath 2017/09/02 v2.17a AMS math features
\@mathmargin=\skip43

For additional information on amsmath, use the `?' option.
(/usr/local/texlive/2018/texmf-dist/tex/latex/amsmath/amstext.sty
Package: amstext 2000/06/29 v2.01 AMS text

(/usr/local/texlive/2018/texmf-dist/tex/latex/amsmath/amsgen.sty
File: amsgen.sty 1999/11/30 v2.0 generic functions
\@emptytoks=\toks15
\ex@=\dimen105
))
(/usr/local/texlive/2018/texmf-dist/tex/latex/amsmath/amsbsy.sty
Package: amsbsy 1999/11/29 v1.2d Bold Symbols
\pmbraise@=\dimen106
)
(/usr/local/texlive/2018/texmf-dist/tex/latex/amsmath/amsopn.sty
Package: amsopn 2016/03/08 v2.02 operator names
)
\inf@bad=\count88
LaTeX Info: Redefining \frac on input line 213.
\uproot@=\count89
\leftroot@=\count90
LaTeX Info: Redefining \overline on input line 375.
\classnum@=\count91
\DOTSCASE@=\count92
LaTeX Info: Redefining \ldots on input line 472.
LaTeX Info: Redefining \dots on input line 475.
LaTeX Info: Redefining \cdots on input line 596.
\Mathstrutbox@=\box26
\strutbox@=\box27
\big@size=\dimen107
LaTeX Font Info:    Redeclaring font encoding OML on input line 712.
LaTeX Font Info:    Redeclaring font encoding OMS on input line 713.
\macc@depth=\count93
\c@MaxMatrixCols=\count94
\dotsspace@=\muskip10
\c@parentequation=\count95
\dspbrk@lvl=\count96
\tag@help=\toks16
\row@=\count97
\column@=\count98
\maxfields@=\count99
\andhelp@=\toks17
\eqnshift@=\dimen108
\alignsep@=\dimen109
\tagshift@=\dimen110
\tagwidth@=\dimen111
\totwidth@=\dimen112
\lineht@=\dimen113
\@envbody=\toks18
\multlinegap=\skip44
\multlinetaggap=\skip45
\mathdisplay@stack=\toks19
LaTeX Info: Redefining \[ on input line 2817.
LaTeX Info: Redefining \] on input line 2818.
)
(/usr/local/texlive/2018/texmf-dist/tex/generic/babel/babel.sty
Package: babel 2018/02/14 3.18 The Babel package

(/usr/local/texlive/2018/texmf-dist/tex/generic/babel/switch.def
File: switch.def 2018/02/14 3.18 Babel switching mechanism
)
(/usr/local/texlive/2018/texmf-dist/tex/generic/babel-spanish/spanish.ldf
Language: spanish.ldf 2016/03/03 v5.0p Spanish support from the babel system

(/usr/local/texlive/2018/texmf-dist/tex/generic/babel/babel.def
File: babel.def 2018/02/14 3.18 Babel common definitions
\babel@savecnt=\count100
\U@D=\dimen114

(/usr/local/texlive/2018/texmf-dist/tex/generic/babel/txtbabel.def)
\bbl@dirlevel=\count101
)
\es@quottoks=\toks20
\es@quotdepth=\count102
Package babel Info: Making " an active character on input line 561.
Package babel Info: Making . an active character on input line 662.
Package babel Info: Making < an active character on input line 707.
Package babel Info: Making > an active character on input line 707.
))
(/usr/local/texlive/2018/texmf-dist/tex/latex/base/inputenc.sty
Package: inputenc 2018/04/06 v1.3b Input encoding file
\inpenc@prehook=\toks21
\inpenc@posthook=\toks22

(/usr/local/texlive/2018/texmf-dist/tex/latex/base/ansinew.def
File: ansinew.def 2018/04/06 v1.3b Input encoding file
))
(/usr/local/texlive/2018/texmf-dist/tex/latex/fancyhdr/fancyhdr.sty
Package: fancyhdr 2017/06/30 v3.9a Extensive control of page headers and footer
s
\f@nch@headwidth=\skip46
\f@nch@O@elh=\skip47
\f@nch@O@erh=\skip48
\f@nch@O@olh=\skip49
\f@nch@O@orh=\skip50
\f@nch@O@elf=\skip51
\f@nch@O@erf=\skip52
\f@nch@O@olf=\skip53
\f@nch@O@orf=\skip54
)
(/usr/local/texlive/2018/texmf-dist/tex/latex/xcolor/xcolor.sty
Package: xcolor 2016/05/11 v2.12 LaTeX color extensions (UK)

(/usr/local/texlive/2018/texmf-dist/tex/latex/graphics-cfg/color.cfg
File: color.cfg 2016/01/02 v1.6 sample color configuration
)
Package xcolor Info: Driver file: pdftex.def on input line 225.
Package xcolor Info: Model `cmy' substituted by `cmy0' on input line 1348.
Package xcolor Info: Model `hsb' substituted by `rgb' on input line 1352.
Package xcolor Info: Model `RGB' extended on input line 1364.
Package xcolor Info: Model `HTML' substituted by `rgb' on input line 1366.
Package xcolor Info: Model `Hsb' substituted by `hsb' on input line 1367.
Package xcolor Info: Model `tHsb' substituted by `hsb' on input line 1368.
Package xcolor Info: Model `HSB' substituted by `hsb' on input line 1369.
Package xcolor Info: Model `Gray' substituted by `gray' on input line 1370.
Package xcolor Info: Model `wave' substituted by `hsb' on input line 1371.

(/usr/local/texlive/2018/texmf-dist/tex/latex/graphics/dvipsnam.def
File: dvipsnam.def 2016/06/17 v3.0m Driver-dependent file (DPC,SPQR)
))
(/usr/local/texlive/2018/texmf-dist/tex/latex/mdframed/mdframed.sty
Package: mdframed 2013/07/01 1.9b: mdframed

(/usr/local/texlive/2018/texmf-dist/tex/latex/oberdiek/kvoptions.sty
Package: kvoptions 2016/05/16 v3.12 Key value format for package options (HO)

(/usr/local/texlive/2018/texmf-dist/tex/generic/oberdiek/ltxcmds.sty
Package: ltxcmds 2016/05/16 v1.23 LaTeX kernel commands for general use (HO)
)
(/usr/local/texlive/2018/texmf-dist/tex/generic/oberdiek/kvsetkeys.sty
Package: kvsetkeys 2016/05/16 v1.17 Key value parser (HO)

(/usr/local/texlive/2018/texmf-dist/tex/generic/oberdiek/infwarerr.sty
Package: infwarerr 2016/05/16 v1.4 Providing info/warning/error messages (HO)
)
(/usr/local/texlive/2018/texmf-dist/tex/generic/oberdiek/etexcmds.sty
Package: etexcmds 2016/05/16 v1.6 Avoid name clashes with e-TeX commands (HO)

(/usr/local/texlive/2018/texmf-dist/tex/generic/oberdiek/ifluatex.sty
Package: ifluatex 2016/05/16 v1.4 Provides the ifluatex switch (HO)
Package ifluatex Info: LuaTeX not detected.
)
Package etexcmds Info: Could not find \expanded.
(etexcmds)             That can mean that you are not using pdfTeX 1.50 or
(etexcmds)             that some package has redefined \expanded.
(etexcmds)             In the latter case, load this package earlier.
)))
(/usr/local/texlive/2018/texmf-dist/tex/latex/l3packages/xparse/xparse.sty
(/usr/local/texlive/2018/texmf-dist/tex/latex/l3kernel/expl3.sty
Package: expl3 2018/03/05 L3 programming layer (loader) 

(/usr/local/texlive/2018/texmf-dist/tex/latex/l3kernel/expl3-code.tex
Package: expl3 2018/03/05 L3 programming layer (code)
\c_max_int=\count103
\l_tmpa_int=\count104
\l_tmpb_int=\count105
\g_tmpa_int=\count106
\g_tmpb_int=\count107
\g__intarray_font_int=\count108
\g__prg_map_int=\count109
\c_log_iow=\count110
\l_iow_line_count_int=\count111
\l__iow_line_target_int=\count112
\l__iow_one_indent_int=\count113
\l__iow_indent_int=\count114
\c_zero_dim=\dimen115
\c_max_dim=\dimen116
\l_tmpa_dim=\dimen117
\l_tmpb_dim=\dimen118
\g_tmpa_dim=\dimen119
\g_tmpb_dim=\dimen120
\c_zero_skip=\skip55
\c_max_skip=\skip56
\l_tmpa_skip=\skip57
\l_tmpb_skip=\skip58
\g_tmpa_skip=\skip59
\g_tmpb_skip=\skip60
\c_zero_muskip=\muskip11
\c_max_muskip=\muskip12
\l_tmpa_muskip=\muskip13
\l_tmpb_muskip=\muskip14
\g_tmpa_muskip=\muskip15
\g_tmpb_muskip=\muskip16
\l_keys_choice_int=\count115
\c__fp_leading_shift_int=\count116
\c__fp_middle_shift_int=\count117
\c__fp_trailing_shift_int=\count118
\c__fp_big_leading_shift_int=\count119
\c__fp_big_middle_shift_int=\count120
\c__fp_big_trailing_shift_int=\count121
\c__fp_Bigg_leading_shift_int=\count122
\c__fp_Bigg_middle_shift_int=\count123
\c__fp_Bigg_trailing_shift_int=\count124
\c__fp_rand_size_int=\count125
\c__fp_rand_four_int=\count126
\c__fp_rand_eight_int=\count127
\l__sort_length_int=\count128
\l__sort_min_int=\count129
\l__sort_top_int=\count130
\l__sort_max_int=\count131
\l__sort_true_max_int=\count132
\l__sort_block_int=\count133
\l__sort_begin_int=\count134
\l__sort_end_int=\count135
\l__sort_A_int=\count136
\l__sort_B_int=\count137
\l__sort_C_int=\count138
\l__tl_build_start_index_int=\count139
\l__tl_build_index_int=\count140
\l__tl_analysis_normal_int=\count141
\l__tl_analysis_index_int=\count142
\l__tl_analysis_nesting_int=\count143
\l__tl_analysis_type_int=\count144
\l__regex_internal_a_int=\count145
\l__regex_internal_b_int=\count146
\l__regex_internal_c_int=\count147
\l__regex_balance_int=\count148
\l__regex_group_level_int=\count149
\l__regex_mode_int=\count150
\c__regex_cs_in_class_mode_int=\count151
\c__regex_cs_mode_int=\count152
\l__regex_catcodes_int=\count153
\l__regex_default_catcodes_int=\count154
\c__regex_catcode_D_int=\count155
\c__regex_catcode_S_int=\count156
\c__regex_catcode_L_int=\count157
\c__regex_catcode_O_int=\count158
\c__regex_catcode_A_int=\count159
\c__regex_all_catcodes_int=\count160
\l__regex_show_lines_int=\count161
\l__regex_min_state_int=\count162
\l__regex_max_state_int=\count163
\l__regex_left_state_int=\count164
\l__regex_right_state_int=\count165
\l__regex_capturing_group_int=\count166
\l__regex_min_pos_int=\count167
\l__regex_max_pos_int=\count168
\l__regex_curr_pos_int=\count169
\l__regex_start_pos_int=\count170
\l__regex_success_pos_int=\count171
\l__regex_curr_char_int=\count172
\l__regex_curr_catcode_int=\count173
\l__regex_last_char_int=\count174
\l__regex_case_changed_char_int=\count175
\l__regex_curr_state_int=\count176
\l__regex_step_int=\count177
\l__regex_min_active_int=\count178
\l__regex_max_active_int=\count179
\l__regex_replacement_csnames_int=\count180
\l__regex_match_count_int=\count181
\l__regex_min_submatch_int=\count182
\l__regex_submatch_int=\count183
\l__regex_zeroth_submatch_int=\count184
\g__regex_trace_regex_int=\count185
\c_empty_box=\box28
\l_tmpa_box=\box29
\l_tmpb_box=\box30
\g_tmpa_box=\box31
\g_tmpb_box=\box32
\l__box_top_dim=\dimen121
\l__box_bottom_dim=\dimen122
\l__box_left_dim=\dimen123
\l__box_right_dim=\dimen124
\l__box_top_new_dim=\dimen125
\l__box_bottom_new_dim=\dimen126
\l__box_left_new_dim=\dimen127
\l__box_right_new_dim=\dimen128
\l__box_internal_box=\box33
\l__coffin_internal_box=\box34
\l__coffin_internal_dim=\dimen129
\l__coffin_offset_x_dim=\dimen130
\l__coffin_offset_y_dim=\dimen131
\l__coffin_x_dim=\dimen132
\l__coffin_y_dim=\dimen133
\l__coffin_x_prime_dim=\dimen134
\l__coffin_y_prime_dim=\dimen135
\c_empty_coffin=\box35
\l__coffin_aligned_coffin=\box36
\l__coffin_aligned_internal_coffin=\box37
\l_tmpa_coffin=\box38
\l_tmpb_coffin=\box39
\l__coffin_display_coffin=\box40
\l__coffin_display_coord_coffin=\box41
\l__coffin_display_pole_coffin=\box42
\l__coffin_display_offset_dim=\dimen136
\l__coffin_display_x_dim=\dimen137
\l__coffin_display_y_dim=\dimen138
\l__coffin_bounding_shift_dim=\dimen139
\l__coffin_left_corner_dim=\dimen140
\l__coffin_right_corner_dim=\dimen141
\l__coffin_bottom_corner_dim=\dimen142
\l__coffin_top_corner_dim=\dimen143
\l__coffin_scaled_total_height_dim=\dimen144
\l__coffin_scaled_width_dim=\dimen145
)
(/usr/local/texlive/2018/texmf-dist/tex/latex/l3kernel/l3pdfmode.def
File: l3pdfmode.def 2017/03/18 v L3 Experimental driver: PDF mode
\l__driver_color_stack_int=\count186
))
Package: xparse 2018/02/21 L3 Experimental document command parser
\l__xparse_current_arg_int=\count187
\g__xparse_grabber_int=\count188
\l__xparse_m_args_int=\count189
\l__xparse_mandatory_args_int=\count190
\l__xparse_v_nesting_int=\count191
)
(/usr/local/texlive/2018/texmf-dist/tex/latex/etoolbox/etoolbox.sty
Package: etoolbox 2018/02/11 v2.5e e-TeX tools for LaTeX (JAW)
\etb@tempcnta=\count192
)
(/usr/local/texlive/2018/texmf-dist/tex/latex/oberdiek/zref-abspage.sty
Package: zref-abspage 2016/05/21 v2.26 Module abspage for zref (HO)

(/usr/local/texlive/2018/texmf-dist/tex/latex/oberdiek/zref-base.sty
Package: zref-base 2016/05/21 v2.26 Module base for zref (HO)

(/usr/local/texlive/2018/texmf-dist/tex/generic/oberdiek/kvdefinekeys.sty
Package: kvdefinekeys 2016/05/16 v1.4 Define keys (HO)
)
(/usr/local/texlive/2018/texmf-dist/tex/generic/oberdiek/pdftexcmds.sty
Package: pdftexcmds 2018/01/30 v0.27 Utility functions of pdfTeX for LuaTeX (HO
)

(/usr/local/texlive/2018/texmf-dist/tex/generic/oberdiek/ifpdf.sty
Package: ifpdf 2017/03/15 v3.2 Provides the ifpdf switch
)
Package pdftexcmds Info: LuaTeX not detected.
Package pdftexcmds Info: \pdf@primitive is available.
Package pdftexcmds Info: \pdf@ifprimitive is available.
Package pdftexcmds Info: \pdfdraftmode found.
)
(/usr/local/texlive/2018/texmf-dist/tex/latex/oberdiek/auxhook.sty
Package: auxhook 2016/05/16 v1.4 Hooks for auxiliary files (HO)
)
Package zref Info: New property list: main on input line 759.
Package zref Info: New property: default on input line 760.
Package zref Info: New property: page on input line 761.
)
(/usr/local/texlive/2018/texmf-dist/tex/generic/oberdiek/atbegshi.sty
Package: atbegshi 2016/06/09 v1.18 At begin shipout hook (HO)
)
\c@abspage=\count193
Package zref Info: New property: abspage on input line 62.
)
(/usr/local/texlive/2018/texmf-dist/tex/latex/needspace/needspace.sty
Package: needspace 2010/09/12 v1.3d reserve vertical space
)
\mdf@templength=\skip61
\c@mdf@globalstyle@cnt=\count194
\mdf@skipabove@length=\skip62
\mdf@skipbelow@length=\skip63
\mdf@leftmargin@length=\skip64
\mdf@rightmargin@length=\skip65
\mdf@innerleftmargin@length=\skip66
\mdf@innerrightmargin@length=\skip67
\mdf@innertopmargin@length=\skip68
\mdf@innerbottommargin@length=\skip69
\mdf@splittopskip@length=\skip70
\mdf@splitbottomskip@length=\skip71
\mdf@outermargin@length=\skip72
\mdf@innermargin@length=\skip73
\mdf@linewidth@length=\skip74
\mdf@innerlinewidth@length=\skip75
\mdf@middlelinewidth@length=\skip76
\mdf@outerlinewidth@length=\skip77
\mdf@roundcorner@length=\skip78
\mdf@footenotedistance@length=\skip79
\mdf@userdefinedwidth@length=\skip80
\mdf@needspace@length=\skip81
\mdf@frametitleaboveskip@length=\skip82
\mdf@frametitlebelowskip@length=\skip83
\mdf@frametitlerulewidth@length=\skip84
\mdf@frametitleleftmargin@length=\skip85
\mdf@frametitlerightmargin@length=\skip86
\mdf@shadowsize@length=\skip87
\mdf@extratopheight@length=\skip88
\mdf@subtitleabovelinewidth@length=\skip89
\mdf@subtitlebelowlinewidth@length=\skip90
\mdf@subtitleaboveskip@length=\skip91
\mdf@subtitlebelowskip@length=\skip92
\mdf@subtitleinneraboveskip@length=\skip93
\mdf@subtitleinnerbelowskip@length=\skip94
\mdf@subsubtitleabovelinewidth@length=\skip95
\mdf@subsubtitlebelowlinewidth@length=\skip96
\mdf@subsubtitleaboveskip@length=\skip97
\mdf@subsubtitlebelowskip@length=\skip98
\mdf@subsubtitleinneraboveskip@length=\skip99
\mdf@subsubtitleinnerbelowskip@length=\skip100

(/usr/local/texlive/2018/texmf-dist/tex/latex/mdframed/md-frame-0.mdf
File: md-frame-0.mdf 2013/07/01\ 1.9b: md-frame-0
)
\mdf@frametitlebox=\box43
\mdf@footnotebox=\box44
\mdf@splitbox@one=\box45
\mdf@splitbox@two=\box46
\mdf@splitbox@save=\box47
\mdfsplitboxwidth=\skip101
\mdfsplitboxtotalwidth=\skip102
\mdfsplitboxheight=\skip103
\mdfsplitboxdepth=\skip104
\mdfsplitboxtotalheight=\skip105
\mdfframetitleboxwidth=\skip106
\mdfframetitleboxtotalwidth=\skip107
\mdfframetitleboxheight=\skip108
\mdfframetitleboxdepth=\skip109
\mdfframetitleboxtotalheight=\skip110
\mdffootnoteboxwidth=\skip111
\mdffootnoteboxtotalwidth=\skip112
\mdffootnoteboxheight=\skip113
\mdffootnoteboxdepth=\skip114
\mdffootnoteboxtotalheight=\skip115
\mdftotallinewidth=\skip116
\mdfboundingboxwidth=\skip117
\mdfboundingboxtotalwidth=\skip118
\mdfboundingboxheight=\skip119
\mdfboundingboxdepth=\skip120
\mdfboundingboxtotalheight=\skip121
\mdf@freevspace@length=\skip122
\mdf@horizontalwidthofbox@length=\skip123
\mdf@verticalmarginwhole@length=\skip124
\mdf@horizontalspaceofbox=\skip125
\mdfsubtitleheight=\skip126
\mdfsubsubtitleheight=\skip127
\c@mdfcountframes=\count195

****** mdframed patching \endmdf@trivlist

****** -- success******

.................................................
. LaTeX info: "xparse/define-command"
. 
. Defining command \newmdtheoremenv with sig. 'O{} m o m o ' on line 601.
.................................................
.................................................
. LaTeX info: "xparse/define-command"
. 
. Defining command \mdtheorem with sig. ' O{} m o m o ' on line 701.
.................................................
\mdf@envdepth=\count196
\c@mdf@env@i=\count197
\c@mdf@env@ii=\count198
\c@mdf@zref@counter=\count199
Package zref Info: New property: mdf@pagevalue on input line 895.
)
(/usr/local/texlive/2018/texmf-dist/tex/latex/hyperref/hyperref.sty
Package: hyperref 2018/02/06 v6.86b Hypertext links for LaTeX

(/usr/local/texlive/2018/texmf-dist/tex/generic/oberdiek/hobsub-hyperref.sty
Package: hobsub-hyperref 2016/05/16 v1.14 Bundle oberdiek, subset hyperref (HO)


(/usr/local/texlive/2018/texmf-dist/tex/generic/oberdiek/hobsub-generic.sty
Package: hobsub-generic 2016/05/16 v1.14 Bundle oberdiek, subset generic (HO)
Package: hobsub 2016/05/16 v1.14 Construct package bundles (HO)
Package hobsub Info: Skipping package `infwarerr' (already loaded).
Package hobsub Info: Skipping package `ltxcmds' (already loaded).
Package hobsub Info: Skipping package `ifluatex' (already loaded).
Package: ifvtex 2016/05/16 v1.6 Detect VTeX and its facilities (HO)
Package ifvtex Info: VTeX not detected.
Package: intcalc 2016/05/16 v1.2 Expandable calculations with integers (HO)
Package hobsub Info: Skipping package `ifpdf' (already loaded).
Package hobsub Info: Skipping package `etexcmds' (already loaded).
Package hobsub Info: Skipping package `kvsetkeys' (already loaded).
Package hobsub Info: Skipping package `kvdefinekeys' (already loaded).
Package hobsub Info: Skipping package `pdftexcmds' (already loaded).
Package: pdfescape 2016/05/16 v1.14 Implements pdfTeX's escape features (HO)
Package: bigintcalc 2016/05/16 v1.4 Expandable calculations on big integers (HO
)
Package: bitset 2016/05/16 v1.2 Handle bit-vector datatype (HO)
Package: uniquecounter 2016/05/16 v1.3 Provide unlimited unique counter (HO)
)
Package hobsub Info: Skipping package `hobsub' (already loaded).
Package: letltxmacro 2016/05/16 v1.5 Let assignment for LaTeX macros (HO)
Package: hopatch 2016/05/16 v1.3 Wrapper for package hooks (HO)
Package: xcolor-patch 2016/05/16 xcolor patch
Package: atveryend 2016/05/16 v1.9 Hooks at the very end of document (HO)
Package hobsub Info: Skipping package `atbegshi' (already loaded).
Package: refcount 2016/05/16 v3.5 Data extraction from label references (HO)
Package: hycolor 2016/05/16 v1.8 Color options for hyperref/bookmark (HO)
)
(/usr/local/texlive/2018/texmf-dist/tex/generic/ifxetex/ifxetex.sty
Package: ifxetex 2010/09/12 v0.6 Provides ifxetex conditional
)
\@linkdim=\dimen146
\Hy@linkcounter=\count266
\Hy@pagecounter=\count267

(/usr/local/texlive/2018/texmf-dist/tex/latex/hyperref/pd1enc.def
File: pd1enc.def 2018/02/06 v6.86b Hyperref: PDFDocEncoding definition (HO)
Now handling font encoding PD1 ...
... no UTF-8 mapping file for font encoding PD1
)
\Hy@SavedSpaceFactor=\count268

(/usr/local/texlive/2018/texmf-dist/tex/latex/latexconfig/hyperref.cfg
File: hyperref.cfg 2002/06/06 v1.2 hyperref configuration of TeXLive
)
Package hyperref Info: Option `colorlinks' set `true' on input line 4383.
Package hyperref Info: Hyper figures OFF on input line 4509.
Package hyperref Info: Link nesting OFF on input line 4514.
Package hyperref Info: Hyper index ON on input line 4517.
Package hyperref Info: Plain pages OFF on input line 4524.
Package hyperref Info: Backreferencing OFF on input line 4529.
Package hyperref Info: Implicit mode ON; LaTeX internals redefined.
Package hyperref Info: Bookmarks ON on input line 4762.
\c@Hy@tempcnt=\count269

(/usr/local/texlive/2018/texmf-dist/tex/latex/url/url.sty
\Urlmuskip=\muskip17
Package: url 2013/09/16  ver 3.4  Verb mode for urls, etc.
)
LaTeX Info: Redefining \url on input line 5115.
\XeTeXLinkMargin=\dimen147
\Fld@menulength=\count270
\Field@Width=\dimen148
\Fld@charsize=\dimen149
Package hyperref Info: Hyper figures OFF on input line 6369.
Package hyperref Info: Link nesting OFF on input line 6374.
Package hyperref Info: Hyper index ON on input line 6377.
Package hyperref Info: backreferencing OFF on input line 6384.
Package hyperref Info: Link coloring ON on input line 6387.
Package hyperref Info: Link coloring with OCG OFF on input line 6394.
Package hyperref Info: PDF/A mode OFF on input line 6399.
LaTeX Info: Redefining \ref on input line 6439.
LaTeX Info: Redefining \pageref on input line 6443.
\Hy@abspage=\count271
\c@Item=\count272
\c@Hfootnote=\count273
)
Package hyperref Info: Driver (autodetected): hpdftex.

(/usr/local/texlive/2018/texmf-dist/tex/latex/hyperref/hpdftex.def
File: hpdftex.def 2018/02/06 v6.86b Hyperref driver for pdfTeX
\HyAnn@Count=\count274
\Fld@listcount=\count275
\c@bookmark@seq@number=\count276

(/usr/local/texlive/2018/texmf-dist/tex/latex/oberdiek/rerunfilecheck.sty
Package: rerunfilecheck 2016/05/16 v1.8 Rerun checks for auxiliary files (HO)
Package uniquecounter Info: New unique counter `rerunfilecheck' on input line 2
82.
)
\Hy@SectionHShift=\skip128
)
(/usr/local/texlive/2018/texmf-dist/tex/latex/amsfonts/amsfonts.sty
Package: amsfonts 2013/01/14 v3.01 Basic AMSFonts support
\symAMSa=\mathgroup4
\symAMSb=\mathgroup5
LaTeX Font Info:    Overwriting math alphabet `\mathfrak' in version `bold'
(Font)                  U/euf/m/n --> U/euf/b/n on input line 106.
)
(/usr/local/texlive/2018/texmf-dist/tex/latex/amsfonts/amssymb.sty
Package: amssymb 2013/01/14 v3.01 AMS font symbols
)
(/usr/local/texlive/2018/texmf-dist/tex/latex/doublestroke/dsfont.sty
Package: dsfont 1995/08/01 v0.1 Double stroke roman fonts
)
(/usr/local/texlive/2018/texmf-dist/tex/latex/mathtools/mathtools.sty
Package: mathtools 2018/01/08 v1.21 mathematical typesetting tools

(/usr/local/texlive/2018/texmf-dist/tex/latex/tools/calc.sty
Package: calc 2017/05/25 v4.3 Infix arithmetic (KKT,FJ)
\calc@Acount=\count277
\calc@Bcount=\count278
\calc@Adimen=\dimen150
\calc@Bdimen=\dimen151
\calc@Askip=\skip129
\calc@Bskip=\skip130
LaTeX Info: Redefining \setlength on input line 80.
LaTeX Info: Redefining \addtolength on input line 81.
\calc@Ccount=\count279
\calc@Cskip=\skip131
)
(/usr/local/texlive/2018/texmf-dist/tex/latex/mathtools/mhsetup.sty
Package: mhsetup 2017/03/31 v1.3 programming setup (MH)
)
LaTeX Info: Thecontrolsequence`\('isalreadyrobust on input line 129.
LaTeX Info: Thecontrolsequence`\)'isalreadyrobust on input line 129.
LaTeX Info: Thecontrolsequence`\['isalreadyrobust on input line 129.
LaTeX Info: Thecontrolsequence`\]'isalreadyrobust on input line 129.
\g_MT_multlinerow_int=\count280
\l_MT_multwidth_dim=\dimen152
\origjot=\skip132
\l_MT_shortvdotswithinadjustabove_dim=\dimen153
\l_MT_shortvdotswithinadjustbelow_dim=\dimen154
\l_MT_above_intertext_sep=\dimen155
\l_MT_below_intertext_sep=\dimen156
\l_MT_above_shortintertext_sep=\dimen157
\l_MT_below_shortintertext_sep=\dimen158
)
(/usr/local/texlive/2018/texmf-dist/tex/latex/wallpaper/wallpaper.sty
Package: wallpaper 2005/01/18, v1.01 easy wallpaper formatting (MHFW)

(/usr/local/texlive/2018/texmf-dist/tex/latex/base/ifthen.sty
Package: ifthen 2014/09/29 v1.1c Standard LaTeX ifthen package (DPC)
)
(/usr/local/texlive/2018/texmf-dist/tex/latex/eso-pic/eso-pic.sty
Package: eso-pic 2015/07/21 v2.0g eso-pic (RN)
)
\wpXoffset=\skip133
\wpYoffset=\skip134
\tileXoffset=\skip135
\tileYoffset=\skip136
\tilewidth=\skip137
\tileheight=\skip138
\tileX=\skip139
\tileY=\skip140
)
(/usr/local/texlive/2018/texmf-dist/tex/latex/bigints/bigints.sty
Package: bigints 2010/02/15 Writing big integrals
Package bigints Info: This is Bigints by Merciadri Luca. on input line 5.
)
(/usr/local/texlive/2018/texmf-dist/tex/latex/caption/subcaption.sty
Package: subcaption 2016/05/22 v1.1-161 Sub-captions (AR)

(/usr/local/texlive/2018/texmf-dist/tex/latex/caption/caption.sty
Package: caption 2016/02/21 v3.3-144 Customizing captions (AR)

(/usr/local/texlive/2018/texmf-dist/tex/latex/caption/caption3.sty
Package: caption3 2016/05/22 v1.7-166 caption3 kernel (AR)
Package caption3 Info: TeX engine: e-TeX on input line 67.
\captionmargin=\dimen159
\captionmargin@=\dimen160
\captionwidth=\dimen161
\caption@tempdima=\dimen162
\caption@indent=\dimen163
\caption@parindent=\dimen164
\caption@hangindent=\dimen165
)
\c@ContinuedFloat=\count281
Package caption Info: hyperref package is loaded.
)
\c@subfigure=\count282
\c@subtable=\count283
)
(/usr/local/texlive/2018/texmf-dist/tex/latex/geometry/geometry.sty
Package: geometry 2018/03/24 v5.7 Page Geometry
\Gm@cnth=\count284
\Gm@cntv=\count285
\c@Gm@tempcnt=\count286
\Gm@bindingoffset=\dimen166
\Gm@wd@mp=\dimen167
\Gm@odd@mp=\dimen168
\Gm@even@mp=\dimen169
\Gm@layoutwidth=\dimen170
\Gm@layoutheight=\dimen171
\Gm@layouthoffset=\dimen172
\Gm@layoutvoffset=\dimen173
\Gm@dimlist=\toks23
)
(/usr/local/texlive/2018/texmf-dist/tex/latex/base/makeidx.sty
Package: makeidx 2014/09/29 v1.0m Standard LaTeX package
)
(/usr/local/texlive/2018/texmf-dist/tex/latex/tcolorbox/tcolorbox.sty
Package: tcolorbox 2018/03/22 version 4.13 text color boxes

(/usr/local/texlive/2018/texmf-dist/tex/latex/pgf/basiclayer/pgf.sty
(/usr/local/texlive/2018/texmf-dist/tex/latex/pgf/utilities/pgfrcs.sty
(/usr/local/texlive/2018/texmf-dist/tex/generic/pgf/utilities/pgfutil-common.te
x
\pgfutil@everybye=\toks24
\pgfutil@tempdima=\dimen174
\pgfutil@tempdimb=\dimen175

(/usr/local/texlive/2018/texmf-dist/tex/generic/pgf/utilities/pgfutil-common-li
sts.tex))
(/usr/local/texlive/2018/texmf-dist/tex/generic/pgf/utilities/pgfutil-latex.def
\pgfutil@abb=\box48
(/usr/local/texlive/2018/texmf-dist/tex/latex/ms/everyshi.sty
Package: everyshi 2001/05/15 v3.00 EveryShipout Package (MS)
))
(/usr/local/texlive/2018/texmf-dist/tex/generic/pgf/utilities/pgfrcs.code.tex
Package: pgfrcs 2015/08/07 v3.0.1a (rcs-revision 1.31)
))
Package: pgf 2015/08/07 v3.0.1a (rcs-revision 1.15)
(/usr/local/texlive/2018/texmf-dist/tex/latex/pgf/basiclayer/pgfcore.sty
(/usr/local/texlive/2018/texmf-dist/tex/latex/pgf/systemlayer/pgfsys.sty
(/usr/local/texlive/2018/texmf-dist/tex/generic/pgf/systemlayer/pgfsys.code.tex
Package: pgfsys 2014/07/09 v3.0.1a (rcs-revision 1.48)
(/usr/local/texlive/2018/texmf-dist/tex/generic/pgf/utilities/pgfkeys.code.tex
\pgfkeys@pathtoks=\toks25
\pgfkeys@temptoks=\toks26

(/usr/local/texlive/2018/texmf-dist/tex/generic/pgf/utilities/pgfkeysfiltered.c
ode.tex
\pgfkeys@tmptoks=\toks27
))
\pgf@x=\dimen176
\pgf@y=\dimen177
\pgf@xa=\dimen178
\pgf@ya=\dimen179
\pgf@xb=\dimen180
\pgf@yb=\dimen181
\pgf@xc=\dimen182
\pgf@yc=\dimen183
\w@pgf@writea=\write3
\r@pgf@reada=\read1
\c@pgf@counta=\count287
\c@pgf@countb=\count288
\c@pgf@countc=\count289
\c@pgf@countd=\count290
\t@pgf@toka=\toks28
\t@pgf@tokb=\toks29
\t@pgf@tokc=\toks30

(/usr/local/texlive/2018/texmf-dist/tex/generic/pgf/systemlayer/pgf.cfg
File: pgf.cfg 2008/05/14  (rcs-revision 1.7)
)
Driver file for pgf: pgfsys-pdftex.def

(/usr/local/texlive/2018/texmf-dist/tex/generic/pgf/systemlayer/pgfsys-pdftex.d
ef
File: pgfsys-pdftex.def 2014/10/11  (rcs-revision 1.35)

(/usr/local/texlive/2018/texmf-dist/tex/generic/pgf/systemlayer/pgfsys-common-p
df.def
File: pgfsys-common-pdf.def 2013/10/10  (rcs-revision 1.13)
)))
(/usr/local/texlive/2018/texmf-dist/tex/generic/pgf/systemlayer/pgfsyssoftpath.
code.tex
File: pgfsyssoftpath.code.tex 2013/09/09  (rcs-revision 1.9)
\pgfsyssoftpath@smallbuffer@items=\count291
\pgfsyssoftpath@bigbuffer@items=\count292
)
(/usr/local/texlive/2018/texmf-dist/tex/generic/pgf/systemlayer/pgfsysprotocol.
code.tex
File: pgfsysprotocol.code.tex 2006/10/16  (rcs-revision 1.4)
))
(/usr/local/texlive/2018/texmf-dist/tex/generic/pgf/basiclayer/pgfcore.code.tex
Package: pgfcore 2010/04/11 v3.0.1a (rcs-revision 1.7)
(/usr/local/texlive/2018/texmf-dist/tex/generic/pgf/math/pgfmath.code.tex
(/usr/local/texlive/2018/texmf-dist/tex/generic/pgf/math/pgfmathcalc.code.tex
(/usr/local/texlive/2018/texmf-dist/tex/generic/pgf/math/pgfmathutil.code.tex)
(/usr/local/texlive/2018/texmf-dist/tex/generic/pgf/math/pgfmathparser.code.tex
\pgfmath@dimen=\dimen184
\pgfmath@count=\count293
\pgfmath@box=\box49
\pgfmath@toks=\toks31
\pgfmath@stack@operand=\toks32
\pgfmath@stack@operation=\toks33
)
(/usr/local/texlive/2018/texmf-dist/tex/generic/pgf/math/pgfmathfunctions.code.
tex
(/usr/local/texlive/2018/texmf-dist/tex/generic/pgf/math/pgfmathfunctions.basic
.code.tex)
(/usr/local/texlive/2018/texmf-dist/tex/generic/pgf/math/pgfmathfunctions.trigo
nometric.code.tex)
(/usr/local/texlive/2018/texmf-dist/tex/generic/pgf/math/pgfmathfunctions.rando
m.code.tex)
(/usr/local/texlive/2018/texmf-dist/tex/generic/pgf/math/pgfmathfunctions.compa
rison.code.tex)
(/usr/local/texlive/2018/texmf-dist/tex/generic/pgf/math/pgfmathfunctions.base.
code.tex)
(/usr/local/texlive/2018/texmf-dist/tex/generic/pgf/math/pgfmathfunctions.round
.code.tex)
(/usr/local/texlive/2018/texmf-dist/tex/generic/pgf/math/pgfmathfunctions.misc.
code.tex)
(/usr/local/texlive/2018/texmf-dist/tex/generic/pgf/math/pgfmathfunctions.integ
erarithmetics.code.tex)))
(/usr/local/texlive/2018/texmf-dist/tex/generic/pgf/math/pgfmathfloat.code.tex
\c@pgfmathroundto@lastzeros=\count294
))
(/usr/local/texlive/2018/texmf-dist/tex/generic/pgf/basiclayer/pgfcorepoints.co
de.tex
File: pgfcorepoints.code.tex 2013/10/07  (rcs-revision 1.27)
\pgf@picminx=\dimen185
\pgf@picmaxx=\dimen186
\pgf@picminy=\dimen187
\pgf@picmaxy=\dimen188
\pgf@pathminx=\dimen189
\pgf@pathmaxx=\dimen190
\pgf@pathminy=\dimen191
\pgf@pathmaxy=\dimen192
\pgf@xx=\dimen193
\pgf@xy=\dimen194
\pgf@yx=\dimen195
\pgf@yy=\dimen196
\pgf@zx=\dimen197
\pgf@zy=\dimen198
)
(/usr/local/texlive/2018/texmf-dist/tex/generic/pgf/basiclayer/pgfcorepathconst
ruct.code.tex
File: pgfcorepathconstruct.code.tex 2013/10/07  (rcs-revision 1.29)
\pgf@path@lastx=\dimen199
\pgf@path@lasty=\dimen256
)
(/usr/local/texlive/2018/texmf-dist/tex/generic/pgf/basiclayer/pgfcorepathusage
.code.tex
File: pgfcorepathusage.code.tex 2014/11/02  (rcs-revision 1.24)
\pgf@shorten@end@additional=\dimen257
\pgf@shorten@start@additional=\dimen258
)
(/usr/local/texlive/2018/texmf-dist/tex/generic/pgf/basiclayer/pgfcorescopes.co
de.tex
File: pgfcorescopes.code.tex 2015/05/08  (rcs-revision 1.46)
\pgfpic=\box50
\pgf@hbox=\box51
\pgf@layerbox@main=\box52
\pgf@picture@serial@count=\count295
)
(/usr/local/texlive/2018/texmf-dist/tex/generic/pgf/basiclayer/pgfcoregraphicst
ate.code.tex
File: pgfcoregraphicstate.code.tex 2014/11/02  (rcs-revision 1.12)
\pgflinewidth=\dimen259
)
(/usr/local/texlive/2018/texmf-dist/tex/generic/pgf/basiclayer/pgfcoretransform
ations.code.tex
File: pgfcoretransformations.code.tex 2015/08/07  (rcs-revision 1.20)
\pgf@pt@x=\dimen260
\pgf@pt@y=\dimen261
\pgf@pt@temp=\dimen262
)
(/usr/local/texlive/2018/texmf-dist/tex/generic/pgf/basiclayer/pgfcorequick.cod
e.tex
File: pgfcorequick.code.tex 2008/10/09  (rcs-revision 1.3)
)
(/usr/local/texlive/2018/texmf-dist/tex/generic/pgf/basiclayer/pgfcoreobjects.c
ode.tex
File: pgfcoreobjects.code.tex 2006/10/11  (rcs-revision 1.2)
)
(/usr/local/texlive/2018/texmf-dist/tex/generic/pgf/basiclayer/pgfcorepathproce
ssing.code.tex
File: pgfcorepathprocessing.code.tex 2013/09/09  (rcs-revision 1.9)
)
(/usr/local/texlive/2018/texmf-dist/tex/generic/pgf/basiclayer/pgfcorearrows.co
de.tex
File: pgfcorearrows.code.tex 2015/05/14  (rcs-revision 1.43)
\pgfarrowsep=\dimen263
)
(/usr/local/texlive/2018/texmf-dist/tex/generic/pgf/basiclayer/pgfcoreshade.cod
e.tex
File: pgfcoreshade.code.tex 2013/07/15  (rcs-revision 1.15)
\pgf@max=\dimen264
\pgf@sys@shading@range@num=\count296
)
(/usr/local/texlive/2018/texmf-dist/tex/generic/pgf/basiclayer/pgfcoreimage.cod
e.tex
File: pgfcoreimage.code.tex 2013/07/15  (rcs-revision 1.18)

(/usr/local/texlive/2018/texmf-dist/tex/generic/pgf/basiclayer/pgfcoreexternal.
code.tex
File: pgfcoreexternal.code.tex 2014/07/09  (rcs-revision 1.21)
\pgfexternal@startupbox=\box53
))
(/usr/local/texlive/2018/texmf-dist/tex/generic/pgf/basiclayer/pgfcorelayers.co
de.tex
File: pgfcorelayers.code.tex 2013/07/18  (rcs-revision 1.7)
)
(/usr/local/texlive/2018/texmf-dist/tex/generic/pgf/basiclayer/pgfcoretranspare
ncy.code.tex
File: pgfcoretransparency.code.tex 2013/09/30  (rcs-revision 1.5)
)
(/usr/local/texlive/2018/texmf-dist/tex/generic/pgf/basiclayer/pgfcorepatterns.
code.tex
File: pgfcorepatterns.code.tex 2013/11/07  (rcs-revision 1.5)
)))
(/usr/local/texlive/2018/texmf-dist/tex/generic/pgf/modules/pgfmoduleshapes.cod
e.tex
File: pgfmoduleshapes.code.tex 2014/03/21  (rcs-revision 1.35)
\pgfnodeparttextbox=\box54
)
(/usr/local/texlive/2018/texmf-dist/tex/generic/pgf/modules/pgfmoduleplot.code.
tex
File: pgfmoduleplot.code.tex 2015/08/03  (rcs-revision 1.13)
)
(/usr/local/texlive/2018/texmf-dist/tex/latex/pgf/compatibility/pgfcomp-version
-0-65.sty
Package: pgfcomp-version-0-65 2007/07/03 v3.0.1a (rcs-revision 1.7)
\pgf@nodesepstart=\dimen265
\pgf@nodesepend=\dimen266
)
(/usr/local/texlive/2018/texmf-dist/tex/latex/pgf/compatibility/pgfcomp-version
-1-18.sty
Package: pgfcomp-version-1-18 2007/07/23 v3.0.1a (rcs-revision 1.1)
)) (/usr/local/texlive/2018/texmf-dist/tex/latex/tools/verbatim.sty
Package: verbatim 2014/10/28 v1.5q LaTeX2e package for verbatim enhancements
\every@verbatim=\toks34
\verbatim@line=\toks35
\verbatim@in@stream=\read2
)
(/usr/local/texlive/2018/texmf-dist/tex/latex/environ/environ.sty
Package: environ 2014/05/04 v0.3 A new way to define environments

(/usr/local/texlive/2018/texmf-dist/tex/latex/trimspaces/trimspaces.sty
Package: trimspaces 2009/09/17 v1.1 Trim spaces around a token list
))
\tcb@titlebox=\box55
\tcb@upperbox=\box56
\tcb@lowerbox=\box57
\tcb@phantombox=\box58
\c@tcbbreakpart=\count297
\c@tcblayer=\count298
\tcolorbox@number=\count299
\tcb@temp=\box59
\tcb@temp=\box60
\tcb@temp=\box61
\tcb@temp=\box62
\tcb@out=\write4
\tcb@record@out=\write5

(/usr/local/texlive/2018/texmf-dist/tex/latex/tcolorbox/tcbraster.code.tex
Library (tcolorbox): 'tcbraster.code.tex' version '4.13'
\c@tcbrastercolumn=\count300
\c@tcbrasterrow=\count301
\c@tcbraster=\count302
) (/usr/local/texlive/2018/texmf-dist/tex/latex/tcolorbox/tcbskins.code.tex
Library (tcolorbox): 'tcbskins.code.tex' version '4.13'
(/usr/local/texlive/2018/texmf-dist/tex/latex/pgf/frontendlayer/tikz.sty
(/usr/local/texlive/2018/texmf-dist/tex/latex/pgf/utilities/pgffor.sty
(/usr/local/texlive/2018/texmf-dist/tex/latex/pgf/utilities/pgfkeys.sty
(/usr/local/texlive/2018/texmf-dist/tex/generic/pgf/utilities/pgfkeys.code.tex)
) (/usr/local/texlive/2018/texmf-dist/tex/latex/pgf/math/pgfmath.sty
(/usr/local/texlive/2018/texmf-dist/tex/generic/pgf/math/pgfmath.code.tex))
(/usr/local/texlive/2018/texmf-dist/tex/generic/pgf/utilities/pgffor.code.tex
Package: pgffor 2013/12/13 v3.0.1a (rcs-revision 1.25)

(/usr/local/texlive/2018/texmf-dist/tex/generic/pgf/math/pgfmath.code.tex)
\pgffor@iter=\dimen267
\pgffor@skip=\dimen268
\pgffor@stack=\toks36
\pgffor@toks=\toks37
))
(/usr/local/texlive/2018/texmf-dist/tex/generic/pgf/frontendlayer/tikz/tikz.cod
e.tex
Package: tikz 2015/08/07 v3.0.1a (rcs-revision 1.151)

(/usr/local/texlive/2018/texmf-dist/tex/generic/pgf/libraries/pgflibraryplothan
dlers.code.tex
File: pgflibraryplothandlers.code.tex 2013/08/31 v3.0.1a (rcs-revision 1.20)
\pgf@plot@mark@count=\count303
\pgfplotmarksize=\dimen269
)
\tikz@lastx=\dimen270
\tikz@lasty=\dimen271
\tikz@lastxsaved=\dimen272
\tikz@lastysaved=\dimen273
\tikzleveldistance=\dimen274
\tikzsiblingdistance=\dimen275
\tikz@figbox=\box63
\tikz@figbox@bg=\box64
\tikz@tempbox=\box65
\tikz@tempbox@bg=\box66
\tikztreelevel=\count304
\tikznumberofchildren=\count305
\tikznumberofcurrentchild=\count306
\tikz@fig@count=\count307

(/usr/local/texlive/2018/texmf-dist/tex/generic/pgf/modules/pgfmodulematrix.cod
e.tex
File: pgfmodulematrix.code.tex 2013/09/17  (rcs-revision 1.8)
\pgfmatrixcurrentrow=\count308
\pgfmatrixcurrentcolumn=\count309
\pgf@matrix@numberofcolumns=\count310
)
\tikz@expandcount=\count311

(/usr/local/texlive/2018/texmf-dist/tex/generic/pgf/frontendlayer/tikz/librarie
s/tikzlibrarytopaths.code.tex
File: tikzlibrarytopaths.code.tex 2008/06/17 v3.0.1a (rcs-revision 1.2)
)))
\tcb@waterbox=\box67

(/usr/local/texlive/2018/texmf-dist/tex/latex/tcolorbox/tcbskinsjigsaw.code.tex
Library (tcolorbox): 'tcbskinsjigsaw.code.tex' version '4.13'
))
(/usr/local/texlive/2018/texmf-dist/tex/latex/tcolorbox/tcbbreakable.code.tex
Library (tcolorbox): 'tcbbreakable.code.tex' version '4.13'
\tcb@testbox=\box68
\tcb@totalupperbox=\box69
\tcb@totallowerbox=\box70
) (/usr/local/texlive/2018/texmf-dist/tex/latex/tcolorbox/tcbhooks.code.tex
Library (tcolorbox): 'tcbhooks.code.tex' version '4.13'
) (/usr/local/texlive/2018/texmf-dist/tex/latex/tcolorbox/tcbtheorems.code.tex
Library (tcolorbox): 'tcbtheorems.code.tex' version '4.13'
) (/usr/local/texlive/2018/texmf-dist/tex/latex/tcolorbox/tcbfitting.code.tex
Library (tcolorbox): 'tcbfitting.code.tex' version '4.13'
\tcbfitdim=\dimen276
\tcb@lowerfitdim=\dimen277
\tcb@upperfitdim=\dimen278
\tcb@cur@hbadness=\count312
) (/usr/local/texlive/2018/texmf-dist/tex/latex/tcolorbox/tcbxparse.code.tex
Library (tcolorbox): 'tcbxparse.code.tex' version '4.13'
.................................................
. LaTeX info: "xparse/define-command"
. 
. Defining command \tcboxverb with sig. ' O{} v ' on line 128.
.................................................
.................................................
. LaTeX info: "xparse/define-command"
. 
. Defining command \tcbsidebyside with sig. ' +O{} +m +m ' on line 280.
.................................................
)
(/usr/local/texlive/2018/texmf-dist/tex/latex/tcolorbox/tcblistingsutf8.code.te
x
Library (tcolorbox): 'tcblistingsutf8.code.tex' version '4.13'
(/usr/local/texlive/2018/texmf-dist/tex/latex/oberdiek/listingsutf8.sty
Package: listingsutf8 2016/05/16 v1.3 Allow UTF-8 in listings input (HO)

(/usr/local/texlive/2018/texmf-dist/tex/latex/listings/listings.sty
\lst@mode=\count313
\lst@gtempboxa=\box71
\lst@token=\toks38
\lst@length=\count314
\lst@currlwidth=\dimen279
\lst@column=\count315
\lst@pos=\count316
\lst@lostspace=\dimen280
\lst@width=\dimen281
\lst@newlines=\count317
\lst@lineno=\count318
\lst@maxwidth=\dimen282

(/usr/local/texlive/2018/texmf-dist/tex/latex/listings/lstmisc.sty
File: lstmisc.sty 2015/06/04 1.6 (Carsten Heinz)
\c@lstnumber=\count319
\lst@skipnumbers=\count320
\lst@framebox=\box72
)
(/usr/local/texlive/2018/texmf-dist/tex/latex/listings/listings.cfg
File: listings.cfg 2015/06/04 1.6 listings configuration
))
Package: listings 2015/06/04 1.6 (Carsten Heinz)

(/usr/local/texlive/2018/texmf-dist/tex/generic/oberdiek/stringenc.sty
Package: stringenc 2016/05/16 v1.11 Convert strings between diff. encodings (HO
)
))
(/usr/local/texlive/2018/texmf-dist/tex/latex/tcolorbox/tcblistings.code.tex
Library (tcolorbox): 'tcblistings.code.tex' version '4.13'

(/usr/local/texlive/2018/texmf-dist/tex/latex/tcolorbox/tcblistingscore.code.te
x
Library (tcolorbox): 'tcblistingscore.code.tex' version '4.13'
(/usr/local/texlive/2018/texmf-dist/tex/latex/tcolorbox/tcbprocessing.code.tex
Library (tcolorbox): 'tcbprocessing.code.tex' version '4.13'
(/usr/local/texlive/2018/texmf-dist/tex/latex/tools/shellesc.sty
Package: shellesc 2016/06/07 v0.02a unified shell escape interface for LaTeX
Package shellesc Info: Unrestricted shell escape enabled on input line 67.
))
\c@tcblisting=\count321
)))
(/usr/local/texlive/2018/texmf-dist/tex/latex/tcolorbox/tcbexternal.code.tex
Library (tcolorbox): 'tcbexternal.code.tex' version '4.13'
) (/usr/local/texlive/2018/texmf-dist/tex/latex/tcolorbox/tcbmagazine.code.tex
Library (tcolorbox): 'tcbmagazine.code.tex' version '4.13'
) (/usr/local/texlive/2018/texmf-dist/tex/latex/tcolorbox/tcbvignette.code.tex
Library (tcolorbox): 'tcbvignette.code.tex' version '4.13'

(/usr/local/texlive/2018/texmf-dist/tex/generic/pgf/frontendlayer/tikz/librarie
s/tikzlibraryfadings.code.tex
File: tikzlibraryfadings.code.tex 2009/11/15 v3.0.1a (rcs-revision 1.2)

(/usr/local/texlive/2018/texmf-dist/tex/generic/pgf/libraries/pgflibraryfadings
.code.tex
File: pgflibraryfadings.code.tex 2008/02/07 v3.0.1a (rcs-revision 1.3)
)))
(/usr/local/texlive/2018/texmf-dist/tex/latex/tcolorbox/tcbposter.code.tex
Library (tcolorbox): 'tcbposter.code.tex' version '4.13'
)) (/usr/local/texlive/2018/texmf-dist/tex/latex/fncychap/fncychap.sty
Package: fncychap 2007/07/30 v1.34 LaTeX package (Revised chapters)
\RW=\skip141
\mylen=\skip142
\myhi=\skip143
\px=\skip144
\py=\skip145
\pyy=\skip146
\pxx=\skip147
)
\@indexfile=\write6
\openout6 = `MasterNewV20.idx'.


Writing index file MasterNewV20.idx
(./MasterNewV20.aux
LaTeX Info: Redefining \. on input line 25.
LaTeX Info: Redefining \% on input line 25.


LaTeX Warning: Label `fig:sfig1' multiply defined.


LaTeX Warning: Label `sub@fig:sfig1' multiply defined.


LaTeX Warning: Label `fig:sfig2' multiply defined.


LaTeX Warning: Label `sub@fig:sfig2' multiply defined.


LaTeX Warning: Label `fig:sfig1' multiply defined.


LaTeX Warning: Label `sub@fig:sfig1' multiply defined.


LaTeX Warning: Label `fig:sfig2' multiply defined.


LaTeX Warning: Label `sub@fig:sfig2' multiply defined.


LaTeX Warning: Label `fig:sfig1' multiply defined.


LaTeX Warning: Label `sub@fig:sfig1' multiply defined.


LaTeX Warning: Label `fig:sfig2' multiply defined.


LaTeX Warning: Label `sub@fig:sfig2' multiply defined.


LaTeX Warning: Label `fig:sfig1' multiply defined.


LaTeX Warning: Label `sub@fig:sfig1' multiply defined.


LaTeX Warning: Label `fig:sfig2' multiply defined.


LaTeX Warning: Label `sub@fig:sfig2' multiply defined.


LaTeX Warning: Label `fig:fig' multiply defined.


LaTeX Warning: Label `fig:sfig1' multiply defined.


LaTeX Warning: Label `sub@fig:sfig1' multiply defined.


LaTeX Warning: Label `fig:sfig2' multiply defined.


LaTeX Warning: Label `sub@fig:sfig2' multiply defined.


LaTeX Warning: Label `fig:sfig1' multiply defined.


LaTeX Warning: Label `sub@fig:sfig1' multiply defined.


LaTeX Warning: Label `fig:sfig2' multiply defined.


LaTeX Warning: Label `sub@fig:sfig2' multiply defined.


LaTeX Warning: Label `fig:fig' multiply defined.


LaTeX Warning: Label `fig:sfig1' multiply defined.


LaTeX Warning: Label `sub@fig:sfig1' multiply defined.


LaTeX Warning: Label `fig:sfig2' multiply defined.


LaTeX Warning: Label `sub@fig:sfig2' multiply defined.


LaTeX Warning: Label `fig:sfig1' multiply defined.


LaTeX Warning: Label `sub@fig:sfig1' multiply defined.


LaTeX Warning: Label `fig:sfig2' multiply defined.


LaTeX Warning: Label `sub@fig:sfig2' multiply defined.


LaTeX Warning: Label `fig:fig' multiply defined.


LaTeX Warning: Label `fig:sfig1' multiply defined.


LaTeX Warning: Label `sub@fig:sfig1' multiply defined.


LaTeX Warning: Label `fig:sfig2' multiply defined.


LaTeX Warning: Label `sub@fig:sfig2' multiply defined.


LaTeX Warning: Label `fig:sfig1' multiply defined.


LaTeX Warning: Label `sub@fig:sfig1' multiply defined.


LaTeX Warning: Label `fig:sfig2' multiply defined.


LaTeX Warning: Label `sub@fig:sfig2' multiply defined.


LaTeX Warning: Label `fig:fig' multiply defined.


LaTeX Warning: Label `fig:sfig1' multiply defined.


LaTeX Warning: Label `sub@fig:sfig1' multiply defined.


LaTeX Warning: Label `fig:sfig2' multiply defined.


LaTeX Warning: Label `sub@fig:sfig2' multiply defined.


LaTeX Warning: Label `fig:sfig1' multiply defined.


LaTeX Warning: Label `sub@fig:sfig1' multiply defined.


LaTeX Warning: Label `fig:sfig2' multiply defined.


LaTeX Warning: Label `sub@fig:sfig2' multiply defined.


LaTeX Warning: Label `fig:fig' multiply defined.


LaTeX Warning: Label `fig:sfig1' multiply defined.


LaTeX Warning: Label `sub@fig:sfig1' multiply defined.


LaTeX Warning: Label `fig:sfig2' multiply defined.


LaTeX Warning: Label `sub@fig:sfig2' multiply defined.


LaTeX Warning: Label `fig:sfig1' multiply defined.


LaTeX Warning: Label `sub@fig:sfig1' multiply defined.


LaTeX Warning: Label `fig:sfig2' multiply defined.


LaTeX Warning: Label `sub@fig:sfig2' multiply defined.


LaTeX Warning: Label `fig:fig' multiply defined.

)
\openout1 = `MasterNewV20.aux'.

LaTeX Font Info:    Checking defaults for OML/cmm/m/it on input line 33.
LaTeX Font Info:    ... okay on input line 33.
LaTeX Font Info:    Checking defaults for T1/cmr/m/n on input line 33.
LaTeX Font Info:    ... okay on input line 33.
LaTeX Font Info:    Checking defaults for OT1/cmr/m/n on input line 33.
LaTeX Font Info:    ... okay on input line 33.
LaTeX Font Info:    Checking defaults for OMS/cmsy/m/n on input line 33.
LaTeX Font Info:    ... okay on input line 33.
LaTeX Font Info:    Checking defaults for OMX/cmex/m/n on input line 33.
LaTeX Font Info:    ... okay on input line 33.
LaTeX Font Info:    Checking defaults for U/cmr/m/n on input line 33.
LaTeX Font Info:    ... okay on input line 33.
LaTeX Font Info:    Checking defaults for PD1/pdf/m/n on input line 33.
LaTeX Font Info:    ... okay on input line 33.
 (/usr/local/texlive/2018/texmf-dist/tex/context/base/mkii/supp-pdf.mkii
[Loading MPS to PDF converter (version 2006.09.02).]
\scratchcounter=\count322
\scratchdimen=\dimen283
\scratchbox=\box73
\nofMPsegments=\count323
\nofMParguments=\count324
\everyMPshowfont=\toks39
\MPscratchCnt=\count325
\MPscratchDim=\dimen284
\MPnumerator=\count326
\makeMPintoPDFobject=\count327
\everyMPtoPDFconversion=\toks40
) (/usr/local/texlive/2018/texmf-dist/tex/latex/oberdiek/epstopdf-base.sty
Package: epstopdf-base 2016/05/15 v2.6 Base part for package epstopdf

(/usr/local/texlive/2018/texmf-dist/tex/latex/oberdiek/grfext.sty
Package: grfext 2016/05/16 v1.2 Manage graphics extensions (HO)
)
Package epstopdf-base Info: Redefining graphics rule for `.eps' on input line 4
38.
Package grfext Info: Graphics extension search list:
(grfext)             [.pdf,.png,.jpg,.mps,.jpeg,.jbig2,.jb2,.PDF,.PNG,.JPG,.JPE
G,.JBIG2,.JB2,.eps]
(grfext)             \AppendGraphicsExtensions on input line 456.

(/usr/local/texlive/2018/texmf-dist/tex/latex/latexconfig/epstopdf-sys.cfg
File: epstopdf-sys.cfg 2010/07/13 v1.3 Configuration of (r)epstopdf for TeX Liv
e
))
LaTeX Info: Redefining \. on input line 33.
LaTeX Info: Redefining \% on input line 33.
\AtBeginShipoutBox=\box74
Package hyperref Info: Link coloring ON on input line 33.

(/usr/local/texlive/2018/texmf-dist/tex/latex/hyperref/nameref.sty
Package: nameref 2016/05/21 v2.44 Cross-referencing by name of section

(/usr/local/texlive/2018/texmf-dist/tex/generic/oberdiek/gettitlestring.sty
Package: gettitlestring 2016/05/16 v1.5 Cleanup title references (HO)
)
\c@section@level=\count328
)
LaTeX Info: Redefining \ref on input line 33.
LaTeX Info: Redefining \pageref on input line 33.
LaTeX Info: Redefining \nameref on input line 33.

(./MasterNewV20.out) (./MasterNewV20.out)
\@outlinefile=\write7
\openout7 = `MasterNewV20.out'.

Package caption Info: Begin \AtBeginDocument code.
Package caption Info: listings package is loaded.
Package caption Info: End \AtBeginDocument code.

*geometry* driver: auto-detecting
*geometry* detected driver: pdftex
*geometry* verbose mode - [ preamble ] result:
* driver: pdftex
* paper: letterpaper
* layout: <same size as paper>
* layoutoffset:(h,v)=(0.0pt,0.0pt)
* modes: 
* h-part:(L,W,R)=(0.0pt, 614.295pt, 0.0pt)
* v-part:(T,H,B)=(56.9055pt, 681.15898pt, 56.9055pt)
* \paperwidth=614.295pt
* \paperheight=794.96999pt
* \textwidth=469.75499pt
* \textheight=578.15999pt
* \oddsidemargin=0.0pt
* \evensidemargin=-72.26999pt
* \topmargin=-52.36449pt
* \headheight=20.0pt
* \headsep=25.0pt
* \topskip=10.0pt
* \footskip=30.0pt
* \marginparwidth=65.0pt
* \marginparsep=11.0pt
* \columnsep=10.0pt
* \skip\footins=9.0pt plus 4.0pt minus 2.0pt
* \hoffset=0.0pt
* \voffset=-18.06749pt
* \mag=1000
* \@twocolumnfalse
* \@twosidefalse
* \@mparswitchfalse
* \@reversemarginfalse
* (1in=72.27pt=25.4mm, 1cm=28.453pt)

ABD: EveryShipout initializing macros
\c@lstlisting=\count329
LaTeX Font Info:    Try loading font information for U+msa on input line 37.

(/usr/local/texlive/2018/texmf-dist/tex/latex/amsfonts/umsa.fd
File: umsa.fd 2013/01/14 v3.01 AMS symbols A
)
LaTeX Font Info:    Try loading font information for U+msb on input line 37.

(/usr/local/texlive/2018/texmf-dist/tex/latex/amsfonts/umsb.fd
File: umsb.fd 2013/01/14 v3.01 AMS symbols B
)

LaTeX Warning: No \author given.

Package babel Info: Redefining spanish shorthand <<
(babel)             in language  on input line 38.
Package babel Info: Redefining spanish shorthand >>
(babel)             in language  on input line 38.
Package babel Info: Redefining spanish shorthand "=
(babel)             in language  on input line 38.
Package babel Info: Redefining spanish shorthand "~
(babel)             in language  on input line 38.
Package babel Info: Redefining spanish shorthand "!
(babel)             in language  on input line 38.
Package babel Info: Redefining spanish shorthand "?
(babel)             in language  on input line 38.

Package hyperref Warning: Token not allowed in a PDF string (PDFDocEncoding):
(hyperref)                removing `math shift' on input line 38.


Package hyperref Warning: Token not allowed in a PDF string (PDFDocEncoding):
(hyperref)                removing `\rho' on input line 38.


Package hyperref Warning: Token not allowed in a PDF string (PDFDocEncoding):
(hyperref)                removing `math shift' on input line 38.

Package babel Info: Redefining spanish shorthand <<
(babel)             in language  on input line 79.
Package babel Info: Redefining spanish shorthand >>
(babel)             in language  on input line 79.
Package babel Info: Redefining spanish shorthand "=
(babel)             in language  on input line 79.
Package babel Info: Redefining spanish shorthand "~
(babel)             in language  on input line 79.
Package babel Info: Redefining spanish shorthand "!
(babel)             in language  on input line 79.
Package babel Info: Redefining spanish shorthand "?
(babel)             in language  on input line 79.
Package babel Info: Redefining spanish shorthand <<
(babel)             in language  on input line 79.
Package babel Info: Redefining spanish shorthand >>
(babel)             in language  on input line 79.
Package babel Info: Redefining spanish shorthand "=
(babel)             in language  on input line 79.
Package babel Info: Redefining spanish shorthand "~
(babel)             in language  on input line 79.
Package babel Info: Redefining spanish shorthand "!
(babel)             in language  on input line 79.
Package babel Info: Redefining spanish shorthand "?
(babel)             in language  on input line 79.
[1

{/usr/local/texlive/2018/texmf-var/fonts/map/pdftex/updmap/pdftex.map}]
Package babel Info: Redefining spanish shorthand <<
(babel)             in language  on input line 141.
Package babel Info: Redefining spanish shorthand >>
(babel)             in language  on input line 141.
Package babel Info: Redefining spanish shorthand "=
(babel)             in language  on input line 141.
Package babel Info: Redefining spanish shorthand "~
(babel)             in language  on input line 141.
Package babel Info: Redefining spanish shorthand "!
(babel)             in language  on input line 141.
Package babel Info: Redefining spanish shorthand "?
(babel)             in language  on input line 141.
Package babel Info: Redefining spanish shorthand <<
(babel)             in language  on input line 141.
Package babel Info: Redefining spanish shorthand >>
(babel)             in language  on input line 141.
Package babel Info: Redefining spanish shorthand "=
(babel)             in language  on input line 141.
Package babel Info: Redefining spanish shorthand "~
(babel)             in language  on input line 141.
Package babel Info: Redefining spanish shorthand "!
(babel)             in language  on input line 141.
Package babel Info: Redefining spanish shorthand "?
(babel)             in language  on input line 141.

[2]
Package babel Info: Redefining spanish shorthand <<
(babel)             in language  on input line 206.
Package babel Info: Redefining spanish shorthand >>
(babel)             in language  on input line 206.
Package babel Info: Redefining spanish shorthand "=
(babel)             in language  on input line 206.
Package babel Info: Redefining spanish shorthand "~
(babel)             in language  on input line 206.
Package babel Info: Redefining spanish shorthand "!
(babel)             in language  on input line 206.
Package babel Info: Redefining spanish shorthand "?
(babel)             in language  on input line 206.
Package babel Info: Redefining spanish shorthand <<
(babel)             in language  on input line 206.
Package babel Info: Redefining spanish shorthand >>
(babel)             in language  on input line 206.
Package babel Info: Redefining spanish shorthand "=
(babel)             in language  on input line 206.
Package babel Info: Redefining spanish shorthand "~
(babel)             in language  on input line 206.
Package babel Info: Redefining spanish shorthand "!
(babel)             in language  on input line 206.
Package babel Info: Redefining spanish shorthand "?
(babel)             in language  on input line 206.
 [3]
Package babel Info: Redefining spanish shorthand <<
(babel)             in language  on input line 272.
Package babel Info: Redefining spanish shorthand >>
(babel)             in language  on input line 272.
Package babel Info: Redefining spanish shorthand "=
(babel)             in language  on input line 272.
Package babel Info: Redefining spanish shorthand "~
(babel)             in language  on input line 272.
Package babel Info: Redefining spanish shorthand "!
(babel)             in language  on input line 272.
Package babel Info: Redefining spanish shorthand "?
(babel)             in language  on input line 272.
Package babel Info: Redefining spanish shorthand <<
(babel)             in language  on input line 272.
Package babel Info: Redefining spanish shorthand >>
(babel)             in language  on input line 272.
Package babel Info: Redefining spanish shorthand "=
(babel)             in language  on input line 272.
Package babel Info: Redefining spanish shorthand "~
(babel)             in language  on input line 272.
Package babel Info: Redefining spanish shorthand "!
(babel)             in language  on input line 272.
Package babel Info: Redefining spanish shorthand "?
(babel)             in language  on input line 272.
 [4]
Package babel Info: Redefining spanish shorthand <<
(babel)             in language  on input line 314.
Package babel Info: Redefining spanish shorthand >>
(babel)             in language  on input line 314.
Package babel Info: Redefining spanish shorthand "=
(babel)             in language  on input line 314.
Package babel Info: Redefining spanish shorthand "~
(babel)             in language  on input line 314.
Package babel Info: Redefining spanish shorthand "!
(babel)             in language  on input line 314.
Package babel Info: Redefining spanish shorthand "?
(babel)             in language  on input line 314.
LaTeX Info: Redefining \. on input line 339.
LaTeX Info: Redefining \% on input line 339.
Package babel Info: Redefining spanish shorthand <<
(babel)             in language  on input line 339.
Package babel Info: Redefining spanish shorthand >>
(babel)             in language  on input line 339.
Package babel Info: Redefining spanish shorthand "=
(babel)             in language  on input line 339.
Package babel Info: Redefining spanish shorthand "~
(babel)             in language  on input line 339.
Package babel Info: Redefining spanish shorthand "!
(babel)             in language  on input line 339.
Package babel Info: Redefining spanish shorthand "?
(babel)             in language  on input line 339.
Package babel Info: Redefining spanish shorthand <<
(babel)             in language  on input line 339.
Package babel Info: Redefining spanish shorthand >>
(babel)             in language  on input line 339.
Package babel Info: Redefining spanish shorthand "=
(babel)             in language  on input line 339.
Package babel Info: Redefining spanish shorthand "~
(babel)             in language  on input line 339.
Package babel Info: Redefining spanish shorthand "!
(babel)             in language  on input line 339.
Package babel Info: Redefining spanish shorthand "?
(babel)             in language  on input line 339.
 [5]
Package babel Info: Redefining spanish shorthand <<
(babel)             in language  on input line 371.
Package babel Info: Redefining spanish shorthand >>
(babel)             in language  on input line 371.
Package babel Info: Redefining spanish shorthand "=
(babel)             in language  on input line 371.
Package babel Info: Redefining spanish shorthand "~
(babel)             in language  on input line 371.
Package babel Info: Redefining spanish shorthand "!
(babel)             in language  on input line 371.
Package babel Info: Redefining spanish shorthand "?
(babel)             in language  on input line 371.
LaTeX Info: Redefining \. on input line 381.
LaTeX Info: Redefining \% on input line 381.
Package babel Info: Redefining spanish shorthand <<
(babel)             in language  on input line 381.
Package babel Info: Redefining spanish shorthand >>
(babel)             in language  on input line 381.
Package babel Info: Redefining spanish shorthand "=
(babel)             in language  on input line 381.
Package babel Info: Redefining spanish shorthand "~
(babel)             in language  on input line 381.
Package babel Info: Redefining spanish shorthand "!
(babel)             in language  on input line 381.
Package babel Info: Redefining spanish shorthand "?
(babel)             in language  on input line 381.
Package babel Info: Redefining spanish shorthand <<
(babel)             in language  on input line 381.
Package babel Info: Redefining spanish shorthand >>
(babel)             in language  on input line 381.
Package babel Info: Redefining spanish shorthand "=
(babel)             in language  on input line 381.
Package babel Info: Redefining spanish shorthand "~
(babel)             in language  on input line 381.
Package babel Info: Redefining spanish shorthand "!
(babel)             in language  on input line 381.
Package babel Info: Redefining spanish shorthand "?
(babel)             in language  on input line 381.
 [6]
Package babel Info: Redefining spanish shorthand <<
(babel)             in language  on input line 420.
Package babel Info: Redefining spanish shorthand >>
(babel)             in language  on input line 420.
Package babel Info: Redefining spanish shorthand "=
(babel)             in language  on input line 420.
Package babel Info: Redefining spanish shorthand "~
(babel)             in language  on input line 420.
Package babel Info: Redefining spanish shorthand "!
(babel)             in language  on input line 420.
Package babel Info: Redefining spanish shorthand "?
(babel)             in language  on input line 420.
Package babel Info: Redefining spanish shorthand <<
(babel)             in language  on input line 422.
Package babel Info: Redefining spanish shorthand >>
(babel)             in language  on input line 422.
Package babel Info: Redefining spanish shorthand "=
(babel)             in language  on input line 422.
Package babel Info: Redefining spanish shorthand "~
(babel)             in language  on input line 422.
Package babel Info: Redefining spanish shorthand "!
(babel)             in language  on input line 422.
Package babel Info: Redefining spanish shorthand "?
(babel)             in language  on input line 422.
Package babel Info: Redefining spanish shorthand <<
(babel)             in language  on input line 436.
Package babel Info: Redefining spanish shorthand >>
(babel)             in language  on input line 436.
Package babel Info: Redefining spanish shorthand "=
(babel)             in language  on input line 436.
Package babel Info: Redefining spanish shorthand "~
(babel)             in language  on input line 436.
Package babel Info: Redefining spanish shorthand "!
(babel)             in language  on input line 436.
Package babel Info: Redefining spanish shorthand "?
(babel)             in language  on input line 436.
LaTeX Info: Redefining \. on input line 440.
LaTeX Info: Redefining \% on input line 440.
Package babel Info: Redefining spanish shorthand <<
(babel)             in language  on input line 440.
Package babel Info: Redefining spanish shorthand >>
(babel)             in language  on input line 440.
Package babel Info: Redefining spanish shorthand "=
(babel)             in language  on input line 440.
Package babel Info: Redefining spanish shorthand "~
(babel)             in language  on input line 440.
Package babel Info: Redefining spanish shorthand "!
(babel)             in language  on input line 440.
Package babel Info: Redefining spanish shorthand "?
(babel)             in language  on input line 440.
Package babel Info: Redefining spanish shorthand <<
(babel)             in language  on input line 440.
Package babel Info: Redefining spanish shorthand >>
(babel)             in language  on input line 440.
Package babel Info: Redefining spanish shorthand "=
(babel)             in language  on input line 440.
Package babel Info: Redefining spanish shorthand "~
(babel)             in language  on input line 440.
Package babel Info: Redefining spanish shorthand "!
(babel)             in language  on input line 440.
Package babel Info: Redefining spanish shorthand "?
(babel)             in language  on input line 440.
 [7]
Package babel Info: Redefining spanish shorthand <<
(babel)             in language  on input line 454.
Package babel Info: Redefining spanish shorthand >>
(babel)             in language  on input line 454.
Package babel Info: Redefining spanish shorthand "=
(babel)             in language  on input line 454.
Package babel Info: Redefining spanish shorthand "~
(babel)             in language  on input line 454.
Package babel Info: Redefining spanish shorthand "!
(babel)             in language  on input line 454.
Package babel Info: Redefining spanish shorthand "?
(babel)             in language  on input line 454.
Package babel Info: Redefining spanish shorthand <<
(babel)             in language  on input line 478.
Package babel Info: Redefining spanish shorthand >>
(babel)             in language  on input line 478.
Package babel Info: Redefining spanish shorthand "=
(babel)             in language  on input line 478.
Package babel Info: Redefining spanish shorthand "~
(babel)             in language  on input line 478.
Package babel Info: Redefining spanish shorthand "!
(babel)             in language  on input line 478.
Package babel Info: Redefining spanish shorthand "?
(babel)             in language  on input line 478.
LaTeX Info: Redefining \. on input line 494.
LaTeX Info: Redefining \% on input line 494.
Package babel Info: Redefining spanish shorthand <<
(babel)             in language  on input line 494.
Package babel Info: Redefining spanish shorthand >>
(babel)             in language  on input line 494.
Package babel Info: Redefining spanish shorthand "=
(babel)             in language  on input line 494.
Package babel Info: Redefining spanish shorthand "~
(babel)             in language  on input line 494.
Package babel Info: Redefining spanish shorthand "!
(babel)             in language  on input line 494.
Package babel Info: Redefining spanish shorthand "?
(babel)             in language  on input line 494.
Package babel Info: Redefining spanish shorthand <<
(babel)             in language  on input line 494.
Package babel Info: Redefining spanish shorthand >>
(babel)             in language  on input line 494.
Package babel Info: Redefining spanish shorthand "=
(babel)             in language  on input line 494.
Package babel Info: Redefining spanish shorthand "~
(babel)             in language  on input line 494.
Package babel Info: Redefining spanish shorthand "!
(babel)             in language  on input line 494.
Package babel Info: Redefining spanish shorthand "?
(babel)             in language  on input line 494.
 [8]
Package babel Info: Redefining spanish shorthand <<
(babel)             in language  on input line 500.
Package babel Info: Redefining spanish shorthand >>
(babel)             in language  on input line 500.
Package babel Info: Redefining spanish shorthand "=
(babel)             in language  on input line 500.
Package babel Info: Redefining spanish shorthand "~
(babel)             in language  on input line 500.
Package babel Info: Redefining spanish shorthand "!
(babel)             in language  on input line 500.
Package babel Info: Redefining spanish shorthand "?
(babel)             in language  on input line 500.
LaTeX Info: Redefining \. on input line 517.
LaTeX Info: Redefining \% on input line 517.
Package babel Info: Redefining spanish shorthand <<
(babel)             in language  on input line 517.
Package babel Info: Redefining spanish shorthand >>
(babel)             in language  on input line 517.
Package babel Info: Redefining spanish shorthand "=
(babel)             in language  on input line 517.
Package babel Info: Redefining spanish shorthand "~
(babel)             in language  on input line 517.
Package babel Info: Redefining spanish shorthand "!
(babel)             in language  on input line 517.
Package babel Info: Redefining spanish shorthand "?
(babel)             in language  on input line 517.
Package babel Info: Redefining spanish shorthand <<
(babel)             in language  on input line 517.
Package babel Info: Redefining spanish shorthand >>
(babel)             in language  on input line 517.
Package babel Info: Redefining spanish shorthand "=
(babel)             in language  on input line 517.
Package babel Info: Redefining spanish shorthand "~
(babel)             in language  on input line 517.
Package babel Info: Redefining spanish shorthand "!
(babel)             in language  on input line 517.
Package babel Info: Redefining spanish shorthand "?
(babel)             in language  on input line 517.
 [9]
<Figuras/Gamma_b-499h10.pdf, id=215, 578.16pt x 433.62pt>
File: Figuras/Gamma_b-499h10.pdf Graphic file (type pdf)
<use Figuras/Gamma_b-499h10.pdf>
Package pdftex.def Info: Figuras/Gamma_b-499h10.pdf  used on input line 521.
(pdftex.def)             Requested size: 234.87749pt x 176.15768pt.
<Figuras/Presion_b-499h10.pdf, id=216, 578.16pt x 433.62pt>
File: Figuras/Presion_b-499h10.pdf Graphic file (type pdf)
<use Figuras/Presion_b-499h10.pdf>
Package pdftex.def Info: Figuras/Presion_b-499h10.pdf  used on input line 527.
(pdftex.def)             Requested size: 234.87749pt x 176.15768pt.
<Figuras/Gamma_b00h10.pdf, id=217, 578.16pt x 433.62pt>
File: Figuras/Gamma_b00h10.pdf Graphic file (type pdf)
<use Figuras/Gamma_b00h10.pdf>
Package pdftex.def Info: Figuras/Gamma_b00h10.pdf  used on input line 533.
(pdftex.def)             Requested size: 234.87749pt x 176.15768pt.
<Figuras/Presion_b00h10.pdf, id=218, 578.16pt x 433.62pt>
File: Figuras/Presion_b00h10.pdf Graphic file (type pdf)
<use Figuras/Presion_b00h10.pdf>
Package pdftex.def Info: Figuras/Presion_b00h10.pdf  used on input line 539.
(pdftex.def)             Requested size: 234.87749pt x 176.15768pt.
<Figuras/Gamma_b05h10.pdf, id=219, 578.16pt x 433.62pt>
File: Figuras/Gamma_b05h10.pdf Graphic file (type pdf)
<use Figuras/Gamma_b05h10.pdf>
Package pdftex.def Info: Figuras/Gamma_b05h10.pdf  used on input line 545.
(pdftex.def)             Requested size: 234.87749pt x 176.15768pt.
<Figuras/Presion_b05h10.pdf, id=220, 578.16pt x 433.62pt>
File: Figuras/Presion_b05h10.pdf Graphic file (type pdf)
<use Figuras/Presion_b05h10.pdf>
Package pdftex.def Info: Figuras/Presion_b05h10.pdf  used on input line 551.
(pdftex.def)             Requested size: 234.87749pt x 176.15768pt.

Overfull \hbox (2.2222pt too wide) in paragraph at lines 519--555
[]$[]$ $[]$
 []


Overfull \hbox (2.2222pt too wide) in paragraph at lines 519--555
[]$ $[]$
 []


Overfull \hbox (2.2222pt too wide) in paragraph at lines 519--555
[]$ $[]$ 
 []


LaTeX Warning: Float too large for page by 25.31306pt on input line 557.

<Figuras/Gamma_b-49h09.pdf, id=221, 578.16pt x 433.62pt>
File: Figuras/Gamma_b-49h09.pdf Graphic file (type pdf)
<use Figuras/Gamma_b-49h09.pdf>
Package pdftex.def Info: Figuras/Gamma_b-49h09.pdf  used on input line 564.
(pdftex.def)             Requested size: 263.06163pt x 197.29079pt.

Overfull \hbox (28.18414pt too wide) in paragraph at lines 564--565
 [][] 
 []

<Figuras/Presion_b-49h09.pdf, id=222, 578.16pt x 433.62pt>
File: Figuras/Presion_b-49h09.pdf Graphic file (type pdf)
<use Figuras/Presion_b-49h09.pdf>
Package pdftex.def Info: Figuras/Presion_b-49h09.pdf  used on input line 570.
(pdftex.def)             Requested size: 263.06163pt x 197.29079pt.

Overfull \hbox (28.18414pt too wide) in paragraph at lines 570--571
 [][] 
 []

<Figuras/Anis_b-49h09.pdf, id=223, 578.16pt x 433.62pt>
File: Figuras/Anis_b-49h09.pdf Graphic file (type pdf)
<use Figuras/Anis_b-49h09.pdf>
Package pdftex.def Info: Figuras/Anis_b-49h09.pdf  used on input line 576.
(pdftex.def)             Requested size: 263.06163pt x 197.29079pt.

Overfull \hbox (28.18414pt too wide) in paragraph at lines 576--577
 [][] 
 []

<Figuras/Ptan_b-49h09.pdf, id=224, 578.16pt x 433.62pt>
File: Figuras/Ptan_b-49h09.pdf Graphic file (type pdf)
<use Figuras/Ptan_b-49h09.pdf>
Package pdftex.def Info: Figuras/Ptan_b-49h09.pdf  used on input line 582.
(pdftex.def)             Requested size: 263.06163pt x 197.29079pt.

Overfull \hbox (28.18414pt too wide) in paragraph at lines 582--583
 [][] 
 []


Overfull \hbox (2.2222pt too wide) in paragraph at lines 562--586
[]$[]$ $[]$
 []


Overfull \hbox (2.2222pt too wide) in paragraph at lines 562--586
[]$ $[]$ 
 []

<Figuras/Gamma_b-49h07.pdf, id=225, 578.16pt x 433.62pt>
File: Figuras/Gamma_b-49h07.pdf Graphic file (type pdf)
<use Figuras/Gamma_b-49h07.pdf>
Package pdftex.def Info: Figuras/Gamma_b-49h07.pdf  used on input line 594.
(pdftex.def)             Requested size: 263.06163pt x 197.29079pt.

Overfull \hbox (28.18414pt too wide) in paragraph at lines 594--595
 [][] 
 []

<Figuras/Presion_b-49h07.pdf, id=226, 578.16pt x 433.62pt>
File: Figuras/Presion_b-49h07.pdf Graphic file (type pdf)
<use Figuras/Presion_b-49h07.pdf>
Package pdftex.def Info: Figuras/Presion_b-49h07.pdf  used on input line 600.
(pdftex.def)             Requested size: 263.06163pt x 197.29079pt.

Overfull \hbox (28.18414pt too wide) in paragraph at lines 600--601
 [][] 
 []

<Figuras/Anis_b-49h07.pdf, id=227, 578.16pt x 433.62pt>
File: Figuras/Anis_b-49h07.pdf Graphic file (type pdf)
<use Figuras/Anis_b-49h07.pdf>
Package pdftex.def Info: Figuras/Anis_b-49h07.pdf  used on input line 606.
(pdftex.def)             Requested size: 263.06163pt x 197.29079pt.

Overfull \hbox (28.18414pt too wide) in paragraph at lines 606--607
 [][] 
 []

<Figuras/Ptan_b-49h07.pdf, id=228, 578.16pt x 433.62pt>
File: Figuras/Ptan_b-49h07.pdf Graphic file (type pdf)
<use Figuras/Ptan_b-49h07.pdf>
Package pdftex.def Info: Figuras/Ptan_b-49h07.pdf  used on input line 612.
(pdftex.def)             Requested size: 263.06163pt x 197.29079pt.

Overfull \hbox (28.18414pt too wide) in paragraph at lines 612--613
 [][] 
 []


Overfull \hbox (2.2222pt too wide) in paragraph at lines 592--616
[]$[]$ $[]$
 []


Overfull \hbox (2.2222pt too wide) in paragraph at lines 592--616
[]$ $[]$ 
 []

<Figuras/Gamma_b00h09.pdf, id=229, 578.16pt x 433.62pt>
File: Figuras/Gamma_b00h09.pdf Graphic file (type pdf)
<use Figuras/Gamma_b00h09.pdf>
Package pdftex.def Info: Figuras/Gamma_b00h09.pdf  used on input line 623.
(pdftex.def)             Requested size: 263.06163pt x 197.29079pt.

Overfull \hbox (28.18414pt too wide) in paragraph at lines 623--624
 [][] 
 []

<Figuras/Presion_b00h09.pdf, id=230, 578.16pt x 433.62pt>
File: Figuras/Presion_b00h09.pdf Graphic file (type pdf)
<use Figuras/Presion_b00h09.pdf>
Package pdftex.def Info: Figuras/Presion_b00h09.pdf  used on input line 629.
(pdftex.def)             Requested size: 263.06163pt x 197.29079pt.

Overfull \hbox (28.18414pt too wide) in paragraph at lines 629--630
 [][] 
 []

<Figuras/Anis_b00h09.pdf, id=231, 578.16pt x 433.62pt>
File: Figuras/Anis_b00h09.pdf Graphic file (type pdf)
<use Figuras/Anis_b00h09.pdf>
Package pdftex.def Info: Figuras/Anis_b00h09.pdf  used on input line 635.
(pdftex.def)             Requested size: 263.06163pt x 197.29079pt.

Overfull \hbox (28.18414pt too wide) in paragraph at lines 635--636
 [][] 
 []

<Figuras/Ptan_b00h09.pdf, id=232, 578.16pt x 433.62pt>
File: Figuras/Ptan_b00h09.pdf Graphic file (type pdf)
<use Figuras/Ptan_b00h09.pdf>
Package pdftex.def Info: Figuras/Ptan_b00h09.pdf  used on input line 641.
(pdftex.def)             Requested size: 263.06163pt x 197.29079pt.

Overfull \hbox (28.18414pt too wide) in paragraph at lines 641--642
 [][] 
 []


Overfull \hbox (2.2222pt too wide) in paragraph at lines 621--645
[]$[]$ $[]$
 []


Overfull \hbox (2.2222pt too wide) in paragraph at lines 621--645
[]$ $[]$ 
 []

<Figuras/Gamma_b00h07.pdf, id=233, 578.16pt x 433.62pt>
File: Figuras/Gamma_b00h07.pdf Graphic file (type pdf)
<use Figuras/Gamma_b00h07.pdf>
Package pdftex.def Info: Figuras/Gamma_b00h07.pdf  used on input line 653.
(pdftex.def)             Requested size: 263.06163pt x 197.29079pt.

Overfull \hbox (28.18414pt too wide) in paragraph at lines 653--654
 [][] 
 []

<Figuras/Presion_b00h07.pdf, id=234, 578.16pt x 433.62pt>
File: Figuras/Presion_b00h07.pdf Graphic file (type pdf)
<use Figuras/Presion_b00h07.pdf>
Package pdftex.def Info: Figuras/Presion_b00h07.pdf  used on input line 659.
(pdftex.def)             Requested size: 263.06163pt x 197.29079pt.

Overfull \hbox (28.18414pt too wide) in paragraph at lines 659--660
 [][] 
 []

<Figuras/Anis_b00h07.pdf, id=235, 578.16pt x 433.62pt>
File: Figuras/Anis_b00h07.pdf Graphic file (type pdf)
<use Figuras/Anis_b00h07.pdf>
Package pdftex.def Info: Figuras/Anis_b00h07.pdf  used on input line 665.
(pdftex.def)             Requested size: 263.06163pt x 197.29079pt.

Overfull \hbox (28.18414pt too wide) in paragraph at lines 665--666
 [][] 
 []

<Figuras/Ptan_b00h07.pdf, id=236, 578.16pt x 433.62pt>
File: Figuras/Ptan_b00h07.pdf Graphic file (type pdf)
<use Figuras/Ptan_b00h07.pdf>
Package pdftex.def Info: Figuras/Ptan_b00h07.pdf  used on input line 671.
(pdftex.def)             Requested size: 263.06163pt x 197.29079pt.

Overfull \hbox (28.18414pt too wide) in paragraph at lines 671--672
 [][] 
 []


Overfull \hbox (2.2222pt too wide) in paragraph at lines 651--675
[]$[]$ $[]$
 []


Overfull \hbox (2.2222pt too wide) in paragraph at lines 651--675
[]$ $[]$ 
 []

<Figuras/Gamma_b05h09.pdf, id=237, 578.16pt x 433.62pt>
File: Figuras/Gamma_b05h09.pdf Graphic file (type pdf)
<use Figuras/Gamma_b05h09.pdf>
Package pdftex.def Info: Figuras/Gamma_b05h09.pdf  used on input line 682.
(pdftex.def)             Requested size: 263.06163pt x 197.29079pt.

Overfull \hbox (28.18414pt too wide) in paragraph at lines 682--683
 [][] 
 []

<Figuras/Presion_b05h09.pdf, id=238, 578.16pt x 433.62pt>
File: Figuras/Presion_b05h09.pdf Graphic file (type pdf)
<use Figuras/Presion_b05h09.pdf>
Package pdftex.def Info: Figuras/Presion_b05h09.pdf  used on input line 688.
(pdftex.def)             Requested size: 263.06163pt x 197.29079pt.

Overfull \hbox (28.18414pt too wide) in paragraph at lines 688--689
 [][] 
 []

<Figuras/Anis_b05h09.pdf, id=239, 578.16pt x 433.62pt>
File: Figuras/Anis_b05h09.pdf Graphic file (type pdf)
<use Figuras/Anis_b05h09.pdf>
Package pdftex.def Info: Figuras/Anis_b05h09.pdf  used on input line 694.
(pdftex.def)             Requested size: 263.06163pt x 197.29079pt.

Overfull \hbox (28.18414pt too wide) in paragraph at lines 694--695
 [][] 
 []

<Figuras/Ptan_b05h09.pdf, id=240, 578.16pt x 433.62pt>
File: Figuras/Ptan_b05h09.pdf Graphic file (type pdf)
<use Figuras/Ptan_b05h09.pdf>
Package pdftex.def Info: Figuras/Ptan_b05h09.pdf  used on input line 700.
(pdftex.def)             Requested size: 263.06163pt x 197.29079pt.

Overfull \hbox (28.18414pt too wide) in paragraph at lines 700--701
 [][] 
 []


Overfull \hbox (2.2222pt too wide) in paragraph at lines 680--704
[]$[]$ $[]$
 []


Overfull \hbox (2.2222pt too wide) in paragraph at lines 680--704
[]$ $[]$ 
 []

<Figuras/Gamma_b05h07.pdf, id=241, 578.16pt x 433.62pt>
File: Figuras/Gamma_b05h07.pdf Graphic file (type pdf)
<use Figuras/Gamma_b05h07.pdf>
Package pdftex.def Info: Figuras/Gamma_b05h07.pdf  used on input line 711.
(pdftex.def)             Requested size: 263.06163pt x 197.29079pt.

Overfull \hbox (28.18414pt too wide) in paragraph at lines 711--712
 [][] 
 []

<Figuras/Presion_b05h07.pdf, id=242, 578.16pt x 433.62pt>
File: Figuras/Presion_b05h07.pdf Graphic file (type pdf)
<use Figuras/Presion_b05h07.pdf>
Package pdftex.def Info: Figuras/Presion_b05h07.pdf  used on input line 717.
(pdftex.def)             Requested size: 263.06163pt x 197.29079pt.

Overfull \hbox (28.18414pt too wide) in paragraph at lines 717--718
 [][] 
 []

<Figuras/Anis_b05h07.pdf, id=243, 578.16pt x 433.62pt>
File: Figuras/Anis_b05h07.pdf Graphic file (type pdf)
<use Figuras/Anis_b05h07.pdf>
Package pdftex.def Info: Figuras/Anis_b05h07.pdf  used on input line 723.
(pdftex.def)             Requested size: 263.06163pt x 197.29079pt.

Overfull \hbox (28.18414pt too wide) in paragraph at lines 723--724
 [][] 
 []

<Figuras/Ptan_b05h07.pdf, id=244, 578.16pt x 433.62pt>
File: Figuras/Ptan_b05h07.pdf Graphic file (type pdf)
<use Figuras/Ptan_b05h07.pdf>
Package pdftex.def Info: Figuras/Ptan_b05h07.pdf  used on input line 729.
(pdftex.def)             Requested size: 263.06163pt x 197.29079pt.

Overfull \hbox (28.18414pt too wide) in paragraph at lines 729--730
 [][] 
 []


Overfull \hbox (2.2222pt too wide) in paragraph at lines 709--733
[]$[]$ $[]$
 []


Overfull \hbox (2.2222pt too wide) in paragraph at lines 709--733
[]$ $[]$ 
 []

Package atveryend Info: Empty hook `BeforeClearDocument' on input line 738.
LaTeX Info: Redefining \. on input line 738.
LaTeX Info: Redefining \% on input line 738.
Package babel Info: Redefining spanish shorthand <<
(babel)             in language  on input line 738.
Package babel Info: Redefining spanish shorthand >>
(babel)             in language  on input line 738.
Package babel Info: Redefining spanish shorthand "=
(babel)             in language  on input line 738.
Package babel Info: Redefining spanish shorthand "~
(babel)             in language  on input line 738.
Package babel Info: Redefining spanish shorthand "!
(babel)             in language  on input line 738.
Package babel Info: Redefining spanish shorthand "?
(babel)             in language  on input line 738.
Package babel Info: Redefining spanish shorthand <<
(babel)             in language  on input line 738.
Package babel Info: Redefining spanish shorthand >>
(babel)             in language  on input line 738.
Package babel Info: Redefining spanish shorthand "=
(babel)             in language  on input line 738.
Package babel Info: Redefining spanish shorthand "~
(babel)             in language  on input line 738.
Package babel Info: Redefining spanish shorthand "!
(babel)             in language  on input line 738.
Package babel Info: Redefining spanish shorthand "?
(babel)             in language  on input line 738.
[10 <./Figuras/Gamma_b-499h10.pdf> <./Figuras/Presion_b-499h10.pdf

pdfTeX warning: /Library/TeX/texbin/pdflatex (file ./Figuras/Presion_b-499h10.p
df): PDF inclusion: multiple pdfs with page group included in a single page
> <./Figuras/Gamma_b00h10.pdf

pdfTeX warning: /Library/TeX/texbin/pdflatex (file ./Figuras/Gamma_b00h10.pdf):
 PDF inclusion: multiple pdfs with page group included in a single page
> <./Figuras/Presion_b00h10.pdf

pdfTeX warning: /Library/TeX/texbin/pdflatex (file ./Figuras/Presion_b00h10.pdf
): PDF inclusion: multiple pdfs with page group included in a single page
> <./Figuras/Gamma_b05h10.pdf

pdfTeX warning: /Library/TeX/texbin/pdflatex (file ./Figuras/Gamma_b05h10.pdf):
 PDF inclusion: multiple pdfs with page group included in a single page
> <./Figuras/Presion_b05h10.pdf

pdfTeX warning: /Library/TeX/texbin/pdflatex (file ./Figuras/Presion_b05h10.pdf
): PDF inclusion: multiple pdfs with page group included in a single page
>]
LaTeX Info: Redefining \. on input line 738.
LaTeX Info: Redefining \% on input line 738.
Package babel Info: Redefining spanish shorthand <<
(babel)             in language  on input line 738.
Package babel Info: Redefining spanish shorthand >>
(babel)             in language  on input line 738.
Package babel Info: Redefining spanish shorthand "=
(babel)             in language  on input line 738.
Package babel Info: Redefining spanish shorthand "~
(babel)             in language  on input line 738.
Package babel Info: Redefining spanish shorthand "!
(babel)             in language  on input line 738.
Package babel Info: Redefining spanish shorthand "?
(babel)             in language  on input line 738.
Package babel Info: Redefining spanish shorthand <<
(babel)             in language  on input line 738.
Package babel Info: Redefining spanish shorthand >>
(babel)             in language  on input line 738.
Package babel Info: Redefining spanish shorthand "=
(babel)             in language  on input line 738.
Package babel Info: Redefining spanish shorthand "~
(babel)             in language  on input line 738.
Package babel Info: Redefining spanish shorthand "!
(babel)             in language  on input line 738.
Package babel Info: Redefining spanish shorthand "?
(babel)             in language  on input line 738.
 [11 <./Figuras/Gamma_b-49h09.pdf> <./Figuras/Presion_b-49h09.pdf

pdfTeX warning: /Library/TeX/texbin/pdflatex (file ./Figuras/Presion_b-49h09.pd
f): PDF inclusion: multiple pdfs with page group included in a single page
> <./Figuras/Anis_b-49h09.pdf

pdfTeX warning: /Library/TeX/texbin/pdflatex (file ./Figuras/Anis_b-49h09.pdf):
 PDF inclusion: multiple pdfs with page group included in a single page
> <./Figuras/Ptan_b-49h09.pdf

pdfTeX warning: /Library/TeX/texbin/pdflatex (file ./Figuras/Ptan_b-49h09.pdf):
 PDF inclusion: multiple pdfs with page group included in a single page
>]
LaTeX Info: Redefining \. on input line 738.
LaTeX Info: Redefining \% on input line 738.
Package babel Info: Redefining spanish shorthand <<
(babel)             in language  on input line 738.
Package babel Info: Redefining spanish shorthand >>
(babel)             in language  on input line 738.
Package babel Info: Redefining spanish shorthand "=
(babel)             in language  on input line 738.
Package babel Info: Redefining spanish shorthand "~
(babel)             in language  on input line 738.
Package babel Info: Redefining spanish shorthand "!
(babel)             in language  on input line 738.
Package babel Info: Redefining spanish shorthand "?
(babel)             in language  on input line 738.
Package babel Info: Redefining spanish shorthand <<
(babel)             in language  on input line 738.
Package babel Info: Redefining spanish shorthand >>
(babel)             in language  on input line 738.
Package babel Info: Redefining spanish shorthand "=
(babel)             in language  on input line 738.
Package babel Info: Redefining spanish shorthand "~
(babel)             in language  on input line 738.
Package babel Info: Redefining spanish shorthand "!
(babel)             in language  on input line 738.
Package babel Info: Redefining spanish shorthand "?
(babel)             in language  on input line 738.
 [12 <./Figuras/Gamma_b-49h07.pdf> <./Figuras/Presion_b-49h07.pdf

pdfTeX warning: /Library/TeX/texbin/pdflatex (file ./Figuras/Presion_b-49h07.pd
f): PDF inclusion: multiple pdfs with page group included in a single page
> <./Figuras/Anis_b-49h07.pdf

pdfTeX warning: /Library/TeX/texbin/pdflatex (file ./Figuras/Anis_b-49h07.pdf):
 PDF inclusion: multiple pdfs with page group included in a single page
> <./Figuras/Ptan_b-49h07.pdf

pdfTeX warning: /Library/TeX/texbin/pdflatex (file ./Figuras/Ptan_b-49h07.pdf):
 PDF inclusion: multiple pdfs with page group included in a single page
>]
LaTeX Info: Redefining \. on input line 738.
LaTeX Info: Redefining \% on input line 738.
Package babel Info: Redefining spanish shorthand <<
(babel)             in language  on input line 738.
Package babel Info: Redefining spanish shorthand >>
(babel)             in language  on input line 738.
Package babel Info: Redefining spanish shorthand "=
(babel)             in language  on input line 738.
Package babel Info: Redefining spanish shorthand "~
(babel)             in language  on input line 738.
Package babel Info: Redefining spanish shorthand "!
(babel)             in language  on input line 738.
Package babel Info: Redefining spanish shorthand "?
(babel)             in language  on input line 738.
Package babel Info: Redefining spanish shorthand <<
(babel)             in language  on input line 738.
Package babel Info: Redefining spanish shorthand >>
(babel)             in language  on input line 738.
Package babel Info: Redefining spanish shorthand "=
(babel)             in language  on input line 738.
Package babel Info: Redefining spanish shorthand "~
(babel)             in language  on input line 738.
Package babel Info: Redefining spanish shorthand "!
(babel)             in language  on input line 738.
Package babel Info: Redefining spanish shorthand "?
(babel)             in language  on input line 738.
 [13 <./Figuras/Gamma_b00h09.pdf> <./Figuras/Presion_b00h09.pdf

pdfTeX warning: /Library/TeX/texbin/pdflatex (file ./Figuras/Presion_b00h09.pdf
): PDF inclusion: multiple pdfs with page group included in a single page
> <./Figuras/Anis_b00h09.pdf

pdfTeX warning: /Library/TeX/texbin/pdflatex (file ./Figuras/Anis_b00h09.pdf): 
PDF inclusion: multiple pdfs with page group included in a single page
> <./Figuras/Ptan_b00h09.pdf

pdfTeX warning: /Library/TeX/texbin/pdflatex (file ./Figuras/Ptan_b00h09.pdf): 
PDF inclusion: multiple pdfs with page group included in a single page
>]
LaTeX Info: Redefining \. on input line 738.
LaTeX Info: Redefining \% on input line 738.
Package babel Info: Redefining spanish shorthand <<
(babel)             in language  on input line 738.
Package babel Info: Redefining spanish shorthand >>
(babel)             in language  on input line 738.
Package babel Info: Redefining spanish shorthand "=
(babel)             in language  on input line 738.
Package babel Info: Redefining spanish shorthand "~
(babel)             in language  on input line 738.
Package babel Info: Redefining spanish shorthand "!
(babel)             in language  on input line 738.
Package babel Info: Redefining spanish shorthand "?
(babel)             in language  on input line 738.
Package babel Info: Redefining spanish shorthand <<
(babel)             in language  on input line 738.
Package babel Info: Redefining spanish shorthand >>
(babel)             in language  on input line 738.
Package babel Info: Redefining spanish shorthand "=
(babel)             in language  on input line 738.
Package babel Info: Redefining spanish shorthand "~
(babel)             in language  on input line 738.
Package babel Info: Redefining spanish shorthand "!
(babel)             in language  on input line 738.
Package babel Info: Redefining spanish shorthand "?
(babel)             in language  on input line 738.
 [14 <./Figuras/Gamma_b00h07.pdf> <./Figuras/Presion_b00h07.pdf

pdfTeX warning: /Library/TeX/texbin/pdflatex (file ./Figuras/Presion_b00h07.pdf
): PDF inclusion: multiple pdfs with page group included in a single page
> <./Figuras/Anis_b00h07.pdf

pdfTeX warning: /Library/TeX/texbin/pdflatex (file ./Figuras/Anis_b00h07.pdf): 
PDF inclusion: multiple pdfs with page group included in a single page
> <./Figuras/Ptan_b00h07.pdf

pdfTeX warning: /Library/TeX/texbin/pdflatex (file ./Figuras/Ptan_b00h07.pdf): 
PDF inclusion: multiple pdfs with page group included in a single page
>]
LaTeX Info: Redefining \. on input line 738.
LaTeX Info: Redefining \% on input line 738.
Package babel Info: Redefining spanish shorthand <<
(babel)             in language  on input line 738.
Package babel Info: Redefining spanish shorthand >>
(babel)             in language  on input line 738.
Package babel Info: Redefining spanish shorthand "=
(babel)             in language  on input line 738.
Package babel Info: Redefining spanish shorthand "~
(babel)             in language  on input line 738.
Package babel Info: Redefining spanish shorthand "!
(babel)             in language  on input line 738.
Package babel Info: Redefining spanish shorthand "?
(babel)             in language  on input line 738.
Package babel Info: Redefining spanish shorthand <<
(babel)             in language  on input line 738.
Package babel Info: Redefining spanish shorthand >>
(babel)             in language  on input line 738.
Package babel Info: Redefining spanish shorthand "=
(babel)             in language  on input line 738.
Package babel Info: Redefining spanish shorthand "~
(babel)             in language  on input line 738.
Package babel Info: Redefining spanish shorthand "!
(babel)             in language  on input line 738.
Package babel Info: Redefining spanish shorthand "?
(babel)             in language  on input line 738.
 [15 <./Figuras/Gamma_b05h09.pdf> <./Figuras/Presion_b05h09.pdf

pdfTeX warning: /Library/TeX/texbin/pdflatex (file ./Figuras/Presion_b05h09.pdf
): PDF inclusion: multiple pdfs with page group included in a single page
> <./Figuras/Anis_b05h09.pdf

pdfTeX warning: /Library/TeX/texbin/pdflatex (file ./Figuras/Anis_b05h09.pdf): 
PDF inclusion: multiple pdfs with page group included in a single page
> <./Figuras/Ptan_b05h09.pdf

pdfTeX warning: /Library/TeX/texbin/pdflatex (file ./Figuras/Ptan_b05h09.pdf): 
PDF inclusion: multiple pdfs with page group included in a single page
>]
LaTeX Info: Redefining \. on input line 738.
LaTeX Info: Redefining \% on input line 738.
Package babel Info: Redefining spanish shorthand <<
(babel)             in language  on input line 738.
Package babel Info: Redefining spanish shorthand >>
(babel)             in language  on input line 738.
Package babel Info: Redefining spanish shorthand "=
(babel)             in language  on input line 738.
Package babel Info: Redefining spanish shorthand "~
(babel)             in language  on input line 738.
Package babel Info: Redefining spanish shorthand "!
(babel)             in language  on input line 738.
Package babel Info: Redefining spanish shorthand "?
(babel)             in language  on input line 738.
Package babel Info: Redefining spanish shorthand <<
(babel)             in language  on input line 738.
Package babel Info: Redefining spanish shorthand >>
(babel)             in language  on input line 738.
Package babel Info: Redefining spanish shorthand "=
(babel)             in language  on input line 738.
Package babel Info: Redefining spanish shorthand "~
(babel)             in language  on input line 738.
Package babel Info: Redefining spanish shorthand "!
(babel)             in language  on input line 738.
Package babel Info: Redefining spanish shorthand "?
(babel)             in language  on input line 738.
 [16 <./Figuras/Gamma_b05h07.pdf> <./Figuras/Presion_b05h07.pdf

pdfTeX warning: /Library/TeX/texbin/pdflatex (file ./Figuras/Presion_b05h07.pdf
): PDF inclusion: multiple pdfs with page group included in a single page
> <./Figuras/Anis_b05h07.pdf

pdfTeX warning: /Library/TeX/texbin/pdflatex (file ./Figuras/Anis_b05h07.pdf): 
PDF inclusion: multiple pdfs with page group included in a single page
> <./Figuras/Ptan_b05h07.pdf

pdfTeX warning: /Library/TeX/texbin/pdflatex (file ./Figuras/Ptan_b05h07.pdf): 
PDF inclusion: multiple pdfs with page group included in a single page
>]
Package atveryend Info: Empty hook `AfterLastShipout' on input line 738.
 (./MasterNewV20.aux
LaTeX Info: Redefining \. on input line 25.
LaTeX Info: Redefining \% on input line 25.
)
Package atveryend Info: Executing hook `AtVeryEndDocument' on input line 738.
Package atveryend Info: Executing hook `AtEndAfterFileList' on input line 738.
Package rerunfilecheck Info: File `MasterNewV20.out' has not changed.
(rerunfilecheck)             Checksum: 5964C842189DB791928FCEF50B427FE1;773.


LaTeX Warning: There were multiply-defined labels.

 ) 
Here is how much of TeX's memory you used:
 34737 strings out of 492649
 696856 string characters out of 6129622
 819315 words of memory out of 5000000
 37985 multiletter control sequences out of 15000+600000
 543673 words of font info for 71 fonts, out of 8000000 for 9000
 1141 hyphenation exceptions out of 8191
 63i,13n,101p,10468b,490s stack positions out of 5000i,500n,10000p,200000b,80000s
</usr/local/texlive/2018/texmf-dist/fonts/type1/public/amsfonts/cm/cmbx10.pfb
></usr/local/texlive/2018/texmf-dist/fonts/type1/public/amsfonts/cm/cmbx12.pfb>
</usr/local/texlive/2018/texmf-dist/fonts/type1/public/amsfonts/cm/cmbx7.pfb></
usr/local/texlive/2018/texmf-dist/fonts/type1/public/amsfonts/cm/cmex10.pfb></u
sr/local/texlive/2018/texmf-dist/fonts/type1/public/amsfonts/cm/cmmi10.pfb></us
r/local/texlive/2018/texmf-dist/fonts/type1/public/amsfonts/cm/cmmi12.pfb></usr
/local/texlive/2018/texmf-dist/fonts/type1/public/amsfonts/cm/cmmi5.pfb></usr/l
ocal/texlive/2018/texmf-dist/fonts/type1/public/amsfonts/cm/cmmi7.pfb></usr/loc
al/texlive/2018/texmf-dist/fonts/type1/public/amsfonts/cm/cmr10.pfb></usr/local
/texlive/2018/texmf-dist/fonts/type1/public/amsfonts/cm/cmr12.pfb></usr/local/t
exlive/2018/texmf-dist/fonts/type1/public/amsfonts/cm/cmr5.pfb></usr/local/texl
ive/2018/texmf-dist/fonts/type1/public/amsfonts/cm/cmr7.pfb></usr/local/texlive
/2018/texmf-dist/fonts/type1/public/amsfonts/cm/cmr9.pfb></usr/local/texlive/20
18/texmf-dist/fonts/type1/public/amsfonts/cm/cmsl10.pfb></usr/local/texlive/201
8/texmf-dist/fonts/type1/public/amsfonts/cm/cmsy10.pfb></usr/local/texlive/2018
/texmf-dist/fonts/type1/public/amsfonts/cm/cmsy5.pfb></usr/local/texlive/2018/t
exmf-dist/fonts/type1/public/amsfonts/cm/cmsy7.pfb></usr/local/texlive/2018/tex
mf-dist/fonts/type1/public/amsfonts/cm/cmti10.pfb></usr/local/texlive/2018/texm
f-dist/fonts/type1/public/amsfonts/cm/cmti7.pfb>
Output written on MasterNewV20.pdf (16 pages, 788770 bytes).
PDF statistics:
 2000 PDF objects out of 2073 (max. 8388607)
 693 compressed objects within 7 object streams
 102 named destinations out of 1000 (max. 500000)
 379 words of extra memory for PDF output out of 10000 (max. 10000000)

